The system is: Linux - 4.4.0-31-generic - x86_64
Compiling the C compiler identification source file "CMakeCCompilerId.c" succeeded.
Compiler: /usr/bin/cc 
Build flags: 
Id flags: 

The output was:
0


Compilation of the C compiler identification source "CMakeCCompilerId.c" produced "a.out"

The C compiler identification is GNU, found in "/home/hady/rosbuild_ws/package_dir/lsd_slam/lsd_slam_viewer/build/CMakeFiles/2.8.12.2/CompilerIdC/a.out"

Compiling the CXX compiler identification source file "CMakeCXXCompilerId.cpp" succeeded.
Compiler: /usr/bin/c++ 
Build flags: 
Id flags: 

The output was:
0


Compilation of the CXX compiler identification source "CMakeCXXCompilerId.cpp" produced "a.out"

The CXX compiler identification is GNU, found in "/home/hady/rosbuild_ws/package_dir/lsd_slam/lsd_slam_viewer/build/CMakeFiles/2.8.12.2/CompilerIdCXX/a.out"

Determining if the C compiler works passed with the following output:
Change Dir: /home/hady/rosbuild_ws/package_dir/lsd_slam/lsd_slam_viewer/build/CMakeFiles/CMakeTmp

Run Build Command:/usr/bin/make "cmTryCompileExec3959643337/fast"
make[1]: Entering directory `/home/hady/rosbuild_ws/package_dir/lsd_slam/lsd_slam_viewer/build/CMakeFiles/CMakeTmp'
/usr/bin/make -f CMakeFiles/cmTryCompileExec3959643337.dir/build.make CMakeFiles/cmTryCompileExec3959643337.dir/build
make[2]: Entering directory `/home/hady/rosbuild_ws/package_dir/lsd_slam/lsd_slam_viewer/build/CMakeFiles/CMakeTmp'
/usr/bin/cmake -E cmake_progress_report /home/hady/rosbuild_ws/package_dir/lsd_slam/lsd_slam_viewer/build/CMakeFiles/CMakeTmp/CMakeFiles 1
Building C object CMakeFiles/cmTryCompileExec3959643337.dir/testCCompiler.c.o
/usr/bin/cc    -o CMakeFiles/cmTryCompileExec3959643337.dir/testCCompiler.c.o   -c /home/hady/rosbuild_ws/package_dir/lsd_slam/lsd_slam_viewer/build/CMakeFiles/CMakeTmp/testCCompiler.c
Linking C executable cmTryCompileExec3959643337
/usr/bin/cmake -E cmake_link_script CMakeFiles/cmTryCompileExec3959643337.dir/link.txt --verbose=1
/usr/bin/cc       CMakeFiles/cmTryCompileExec3959643337.dir/testCCompiler.c.o  -o cmTryCompileExec3959643337 -rdynamic 
make[2]: Leaving directory `/home/hady/rosbuild_ws/package_dir/lsd_slam/lsd_slam_viewer/build/CMakeFiles/CMakeTmp'
make[1]: Leaving directory `/home/hady/rosbuild_ws/package_dir/lsd_slam/lsd_slam_viewer/build/CMakeFiles/CMakeTmp'


Detecting C compiler ABI info compiled with the following output:
Change Dir: /home/hady/rosbuild_ws/package_dir/lsd_slam/lsd_slam_viewer/build/CMakeFiles/CMakeTmp

Run Build Command:/usr/bin/make "cmTryCompileExec3605627697/fast"
make[1]: Entering directory `/home/hady/rosbuild_ws/package_dir/lsd_slam/lsd_slam_viewer/build/CMakeFiles/CMakeTmp'
/usr/bin/make -f CMakeFiles/cmTryCompileExec3605627697.dir/build.make CMakeFiles/cmTryCompileExec3605627697.dir/build
make[2]: Entering directory `/home/hady/rosbuild_ws/package_dir/lsd_slam/lsd_slam_viewer/build/CMakeFiles/CMakeTmp'
/usr/bin/cmake -E cmake_progress_report /home/hady/rosbuild_ws/package_dir/lsd_slam/lsd_slam_viewer/build/CMakeFiles/CMakeTmp/CMakeFiles 1
Building C object CMakeFiles/cmTryCompileExec3605627697.dir/CMakeCCompilerABI.c.o
/usr/bin/cc    -o CMakeFiles/cmTryCompileExec3605627697.dir/CMakeCCompilerABI.c.o   -c /usr/share/cmake-2.8/Modules/CMakeCCompilerABI.c
Linking C executable cmTryCompileExec3605627697
/usr/bin/cmake -E cmake_link_script CMakeFiles/cmTryCompileExec3605627697.dir/link.txt --verbose=1
/usr/bin/cc     -v CMakeFiles/cmTryCompileExec3605627697.dir/CMakeCCompilerABI.c.o  -o cmTryCompileExec3605627697 -rdynamic  
Using built-in specs.
COLLECT_GCC=/usr/bin/cc
COLLECT_LTO_WRAPPER=/usr/lib/gcc/x86_64-linux-gnu/4.8/lto-wrapper
Target: x86_64-linux-gnu
Configured with: ../src/configure -v --with-pkgversion='Ubuntu 4.8.4-2ubuntu1~14.04.3' --with-bugurl=file:///usr/share/doc/gcc-4.8/README.Bugs --enable-languages=c,c++,java,go,d,fortran,objc,obj-c++ --prefix=/usr --program-suffix=-4.8 --enable-shared --enable-linker-build-id --libexecdir=/usr/lib --without-included-gettext --enable-threads=posix --with-gxx-include-dir=/usr/include/c++/4.8 --libdir=/usr/lib --enable-nls --with-sysroot=/ --enable-clocale=gnu --enable-libstdcxx-debug --enable-libstdcxx-time=yes --enable-gnu-unique-object --disable-libmudflap --enable-plugin --with-system-zlib --disable-browser-plugin --enable-java-awt=gtk --enable-gtk-cairo --with-java-home=/usr/lib/jvm/java-1.5.0-gcj-4.8-amd64/jre --enable-java-home --with-jvm-root-dir=/usr/lib/jvm/java-1.5.0-gcj-4.8-amd64 --with-jvm-jar-dir=/usr/lib/jvm-exports/java-1.5.0-gcj-4.8-amd64 --with-arch-directory=amd64 --with-ecj-jar=/usr/share/java/eclipse-ecj.jar --enable-objc-gc --enable-multiarch --disable-werror --with-arch-32=i686 --with-abi=m64 --with-multilib-list=m32,m64,mx32 --with-tune=generic --enable-checking=release --build=x86_64-linux-gnu --host=x86_64-linux-gnu --target=x86_64-linux-gnu
Thread model: posix
gcc version 4.8.4 (Ubuntu 4.8.4-2ubuntu1~14.04.3) 
COMPILER_PATH=/usr/lib/gcc/x86_64-linux-gnu/4.8/:/usr/lib/gcc/x86_64-linux-gnu/4.8/:/usr/lib/gcc/x86_64-linux-gnu/:/usr/lib/gcc/x86_64-linux-gnu/4.8/:/usr/lib/gcc/x86_64-linux-gnu/
LIBRARY_PATH=/usr/lib/gcc/x86_64-linux-gnu/4.8/:/usr/lib/gcc/x86_64-linux-gnu/4.8/../../../x86_64-linux-gnu/:/usr/lib/gcc/x86_64-linux-gnu/4.8/../../../../lib/:/lib/x86_64-linux-gnu/:/lib/../lib/:/usr/lib/x86_64-linux-gnu/:/usr/lib/../lib/:/usr/lib/gcc/x86_64-linux-gnu/4.8/../../../:/lib/:/usr/lib/
COLLECT_GCC_OPTIONS='-v' '-o' 'cmTryCompileExec3605627697' '-rdynamic' '-mtune=generic' '-march=x86-64'
 /usr/lib/gcc/x86_64-linux-gnu/4.8/collect2 --sysroot=/ --build-id --eh-frame-hdr -m elf_x86_64 --hash-style=gnu --as-needed -export-dynamic -dynamic-linker /lib64/ld-linux-x86-64.so.2 -z relro -o cmTryCompileExec3605627697 /usr/lib/gcc/x86_64-linux-gnu/4.8/../../../x86_64-linux-gnu/crt1.o /usr/lib/gcc/x86_64-linux-gnu/4.8/../../../x86_64-linux-gnu/crti.o /usr/lib/gcc/x86_64-linux-gnu/4.8/crtbegin.o -L/usr/lib/gcc/x86_64-linux-gnu/4.8 -L/usr/lib/gcc/x86_64-linux-gnu/4.8/../../../x86_64-linux-gnu -L/usr/lib/gcc/x86_64-linux-gnu/4.8/../../../../lib -L/lib/x86_64-linux-gnu -L/lib/../lib -L/usr/lib/x86_64-linux-gnu -L/usr/lib/../lib -L/usr/lib/gcc/x86_64-linux-gnu/4.8/../../.. CMakeFiles/cmTryCompileExec3605627697.dir/CMakeCCompilerABI.c.o -lgcc --as-needed -lgcc_s --no-as-needed -lc -lgcc --as-needed -lgcc_s --no-as-needed /usr/lib/gcc/x86_64-linux-gnu/4.8/crtend.o /usr/lib/gcc/x86_64-linux-gnu/4.8/../../../x86_64-linux-gnu/crtn.o
make[2]: Leaving directory `/home/hady/rosbuild_ws/package_dir/lsd_slam/lsd_slam_viewer/build/CMakeFiles/CMakeTmp'
make[1]: Leaving directory `/home/hady/rosbuild_ws/package_dir/lsd_slam/lsd_slam_viewer/build/CMakeFiles/CMakeTmp'


Parsed C implicit link information from above output:
  link line regex: [^( *|.*[/\])(ld|([^/\]+-)?ld|collect2)[^/\]*( |$)]
  ignore line: [Change Dir: /home/hady/rosbuild_ws/package_dir/lsd_slam/lsd_slam_viewer/build/CMakeFiles/CMakeTmp]
  ignore line: []
  ignore line: [Run Build Command:/usr/bin/make "cmTryCompileExec3605627697/fast"]
  ignore line: [make[1]: Entering directory `/home/hady/rosbuild_ws/package_dir/lsd_slam/lsd_slam_viewer/build/CMakeFiles/CMakeTmp']
  ignore line: [/usr/bin/make -f CMakeFiles/cmTryCompileExec3605627697.dir/build.make CMakeFiles/cmTryCompileExec3605627697.dir/build]
  ignore line: [make[2]: Entering directory `/home/hady/rosbuild_ws/package_dir/lsd_slam/lsd_slam_viewer/build/CMakeFiles/CMakeTmp']
  ignore line: [/usr/bin/cmake -E cmake_progress_report /home/hady/rosbuild_ws/package_dir/lsd_slam/lsd_slam_viewer/build/CMakeFiles/CMakeTmp/CMakeFiles 1]
  ignore line: [Building C object CMakeFiles/cmTryCompileExec3605627697.dir/CMakeCCompilerABI.c.o]
  ignore line: [/usr/bin/cc    -o CMakeFiles/cmTryCompileExec3605627697.dir/CMakeCCompilerABI.c.o   -c /usr/share/cmake-2.8/Modules/CMakeCCompilerABI.c]
  ignore line: [Linking C executable cmTryCompileExec3605627697]
  ignore line: [/usr/bin/cmake -E cmake_link_script CMakeFiles/cmTryCompileExec3605627697.dir/link.txt --verbose=1]
  ignore line: [/usr/bin/cc     -v CMakeFiles/cmTryCompileExec3605627697.dir/CMakeCCompilerABI.c.o  -o cmTryCompileExec3605627697 -rdynamic  ]
  ignore line: [Using built-in specs.]
  ignore line: [COLLECT_GCC=/usr/bin/cc]
  ignore line: [COLLECT_LTO_WRAPPER=/usr/lib/gcc/x86_64-linux-gnu/4.8/lto-wrapper]
  ignore line: [Target: x86_64-linux-gnu]
  ignore line: [Configured with: ../src/configure -v --with-pkgversion='Ubuntu 4.8.4-2ubuntu1~14.04.3' --with-bugurl=file:///usr/share/doc/gcc-4.8/README.Bugs --enable-languages=c,c++,java,go,d,fortran,objc,obj-c++ --prefix=/usr --program-suffix=-4.8 --enable-shared --enable-linker-build-id --libexecdir=/usr/lib --without-included-gettext --enable-threads=posix --with-gxx-include-dir=/usr/include/c++/4.8 --libdir=/usr/lib --enable-nls --with-sysroot=/ --enable-clocale=gnu --enable-libstdcxx-debug --enable-libstdcxx-time=yes --enable-gnu-unique-object --disable-libmudflap --enable-plugin --with-system-zlib --disable-browser-plugin --enable-java-awt=gtk --enable-gtk-cairo --with-java-home=/usr/lib/jvm/java-1.5.0-gcj-4.8-amd64/jre --enable-java-home --with-jvm-root-dir=/usr/lib/jvm/java-1.5.0-gcj-4.8-amd64 --with-jvm-jar-dir=/usr/lib/jvm-exports/java-1.5.0-gcj-4.8-amd64 --with-arch-directory=amd64 --with-ecj-jar=/usr/share/java/eclipse-ecj.jar --enable-objc-gc --enable-multiarch --disable-werror --with-arch-32=i686 --with-abi=m64 --with-multilib-list=m32,m64,mx32 --with-tune=generic --enable-checking=release --build=x86_64-linux-gnu --host=x86_64-linux-gnu --target=x86_64-linux-gnu]
  ignore line: [Thread model: posix]
  ignore line: [gcc version 4.8.4 (Ubuntu 4.8.4-2ubuntu1~14.04.3) ]
  ignore line: [COMPILER_PATH=/usr/lib/gcc/x86_64-linux-gnu/4.8/:/usr/lib/gcc/x86_64-linux-gnu/4.8/:/usr/lib/gcc/x86_64-linux-gnu/:/usr/lib/gcc/x86_64-linux-gnu/4.8/:/usr/lib/gcc/x86_64-linux-gnu/]
  ignore line: [LIBRARY_PATH=/usr/lib/gcc/x86_64-linux-gnu/4.8/:/usr/lib/gcc/x86_64-linux-gnu/4.8/../../../x86_64-linux-gnu/:/usr/lib/gcc/x86_64-linux-gnu/4.8/../../../../lib/:/lib/x86_64-linux-gnu/:/lib/../lib/:/usr/lib/x86_64-linux-gnu/:/usr/lib/../lib/:/usr/lib/gcc/x86_64-linux-gnu/4.8/../../../:/lib/:/usr/lib/]
  ignore line: [COLLECT_GCC_OPTIONS='-v' '-o' 'cmTryCompileExec3605627697' '-rdynamic' '-mtune=generic' '-march=x86-64']
  link line: [ /usr/lib/gcc/x86_64-linux-gnu/4.8/collect2 --sysroot=/ --build-id --eh-frame-hdr -m elf_x86_64 --hash-style=gnu --as-needed -export-dynamic -dynamic-linker /lib64/ld-linux-x86-64.so.2 -z relro -o cmTryCompileExec3605627697 /usr/lib/gcc/x86_64-linux-gnu/4.8/../../../x86_64-linux-gnu/crt1.o /usr/lib/gcc/x86_64-linux-gnu/4.8/../../../x86_64-linux-gnu/crti.o /usr/lib/gcc/x86_64-linux-gnu/4.8/crtbegin.o -L/usr/lib/gcc/x86_64-linux-gnu/4.8 -L/usr/lib/gcc/x86_64-linux-gnu/4.8/../../../x86_64-linux-gnu -L/usr/lib/gcc/x86_64-linux-gnu/4.8/../../../../lib -L/lib/x86_64-linux-gnu -L/lib/../lib -L/usr/lib/x86_64-linux-gnu -L/usr/lib/../lib -L/usr/lib/gcc/x86_64-linux-gnu/4.8/../../.. CMakeFiles/cmTryCompileExec3605627697.dir/CMakeCCompilerABI.c.o -lgcc --as-needed -lgcc_s --no-as-needed -lc -lgcc --as-needed -lgcc_s --no-as-needed /usr/lib/gcc/x86_64-linux-gnu/4.8/crtend.o /usr/lib/gcc/x86_64-linux-gnu/4.8/../../../x86_64-linux-gnu/crtn.o]
    arg [/usr/lib/gcc/x86_64-linux-gnu/4.8/collect2] ==> ignore
    arg [--sysroot=/] ==> ignore
    arg [--build-id] ==> ignore
    arg [--eh-frame-hdr] ==> ignore
    arg [-m] ==> ignore
    arg [elf_x86_64] ==> ignore
    arg [--hash-style=gnu] ==> ignore
    arg [--as-needed] ==> ignore
    arg [-export-dynamic] ==> ignore
    arg [-dynamic-linker] ==> ignore
    arg [/lib64/ld-linux-x86-64.so.2] ==> ignore
    arg [-zrelro] ==> ignore
    arg [-o] ==> ignore
    arg [cmTryCompileExec3605627697] ==> ignore
    arg [/usr/lib/gcc/x86_64-linux-gnu/4.8/../../../x86_64-linux-gnu/crt1.o] ==> ignore
    arg [/usr/lib/gcc/x86_64-linux-gnu/4.8/../../../x86_64-linux-gnu/crti.o] ==> ignore
    arg [/usr/lib/gcc/x86_64-linux-gnu/4.8/crtbegin.o] ==> ignore
    arg [-L/usr/lib/gcc/x86_64-linux-gnu/4.8] ==> dir [/usr/lib/gcc/x86_64-linux-gnu/4.8]
    arg [-L/usr/lib/gcc/x86_64-linux-gnu/4.8/../../../x86_64-linux-gnu] ==> dir [/usr/lib/gcc/x86_64-linux-gnu/4.8/../../../x86_64-linux-gnu]
    arg [-L/usr/lib/gcc/x86_64-linux-gnu/4.8/../../../../lib] ==> dir [/usr/lib/gcc/x86_64-linux-gnu/4.8/../../../../lib]
    arg [-L/lib/x86_64-linux-gnu] ==> dir [/lib/x86_64-linux-gnu]
    arg [-L/lib/../lib] ==> dir [/lib/../lib]
    arg [-L/usr/lib/x86_64-linux-gnu] ==> dir [/usr/lib/x86_64-linux-gnu]
    arg [-L/usr/lib/../lib] ==> dir [/usr/lib/../lib]
    arg [-L/usr/lib/gcc/x86_64-linux-gnu/4.8/../../..] ==> dir [/usr/lib/gcc/x86_64-linux-gnu/4.8/../../..]
    arg [CMakeFiles/cmTryCompileExec3605627697.dir/CMakeCCompilerABI.c.o] ==> ignore
    arg [-lgcc] ==> lib [gcc]
    arg [--as-needed] ==> ignore
    arg [-lgcc_s] ==> lib [gcc_s]
    arg [--no-as-needed] ==> ignore
    arg [-lc] ==> lib [c]
    arg [-lgcc] ==> lib [gcc]
    arg [--as-needed] ==> ignore
    arg [-lgcc_s] ==> lib [gcc_s]
    arg [--no-as-needed] ==> ignore
    arg [/usr/lib/gcc/x86_64-linux-gnu/4.8/crtend.o] ==> ignore
    arg [/usr/lib/gcc/x86_64-linux-gnu/4.8/../../../x86_64-linux-gnu/crtn.o] ==> ignore
  remove lib [gcc]
  remove lib [gcc_s]
  remove lib [gcc]
  remove lib [gcc_s]
  collapse library dir [/usr/lib/gcc/x86_64-linux-gnu/4.8] ==> [/usr/lib/gcc/x86_64-linux-gnu/4.8]
  collapse library dir [/usr/lib/gcc/x86_64-linux-gnu/4.8/../../../x86_64-linux-gnu] ==> [/usr/lib/x86_64-linux-gnu]
  collapse library dir [/usr/lib/gcc/x86_64-linux-gnu/4.8/../../../../lib] ==> [/usr/lib]
  collapse library dir [/lib/x86_64-linux-gnu] ==> [/lib/x86_64-linux-gnu]
  collapse library dir [/lib/../lib] ==> [/lib]
  collapse library dir [/usr/lib/x86_64-linux-gnu] ==> [/usr/lib/x86_64-linux-gnu]
  collapse library dir [/usr/lib/../lib] ==> [/usr/lib]
  collapse library dir [/usr/lib/gcc/x86_64-linux-gnu/4.8/../../..] ==> [/usr/lib]
  implicit libs: [c]
  implicit dirs: [/usr/lib/gcc/x86_64-linux-gnu/4.8;/usr/lib/x86_64-linux-gnu;/usr/lib;/lib/x86_64-linux-gnu;/lib]
  implicit fwks: []


Determining if the CXX compiler works passed with the following output:
Change Dir: /home/hady/rosbuild_ws/package_dir/lsd_slam/lsd_slam_viewer/build/CMakeFiles/CMakeTmp

Run Build Command:/usr/bin/make "cmTryCompileExec2024817953/fast"
make[1]: Entering directory `/home/hady/rosbuild_ws/package_dir/lsd_slam/lsd_slam_viewer/build/CMakeFiles/CMakeTmp'
/usr/bin/make -f CMakeFiles/cmTryCompileExec2024817953.dir/build.make CMakeFiles/cmTryCompileExec2024817953.dir/build
make[2]: Entering directory `/home/hady/rosbuild_ws/package_dir/lsd_slam/lsd_slam_viewer/build/CMakeFiles/CMakeTmp'
/usr/bin/cmake -E cmake_progress_report /home/hady/rosbuild_ws/package_dir/lsd_slam/lsd_slam_viewer/build/CMakeFiles/CMakeTmp/CMakeFiles 1
Building CXX object CMakeFiles/cmTryCompileExec2024817953.dir/testCXXCompiler.cxx.o
/usr/bin/c++     -o CMakeFiles/cmTryCompileExec2024817953.dir/testCXXCompiler.cxx.o -c /home/hady/rosbuild_ws/package_dir/lsd_slam/lsd_slam_viewer/build/CMakeFiles/CMakeTmp/testCXXCompiler.cxx
Linking CXX executable cmTryCompileExec2024817953
/usr/bin/cmake -E cmake_link_script CMakeFiles/cmTryCompileExec2024817953.dir/link.txt --verbose=1
/usr/bin/c++        CMakeFiles/cmTryCompileExec2024817953.dir/testCXXCompiler.cxx.o  -o cmTryCompileExec2024817953 -rdynamic 
make[2]: Leaving directory `/home/hady/rosbuild_ws/package_dir/lsd_slam/lsd_slam_viewer/build/CMakeFiles/CMakeTmp'
make[1]: Leaving directory `/home/hady/rosbuild_ws/package_dir/lsd_slam/lsd_slam_viewer/build/CMakeFiles/CMakeTmp'


Detecting CXX compiler ABI info compiled with the following output:
Change Dir: /home/hady/rosbuild_ws/package_dir/lsd_slam/lsd_slam_viewer/build/CMakeFiles/CMakeTmp

Run Build Command:/usr/bin/make "cmTryCompileExec2240136263/fast"
make[1]: Entering directory `/home/hady/rosbuild_ws/package_dir/lsd_slam/lsd_slam_viewer/build/CMakeFiles/CMakeTmp'
/usr/bin/make -f CMakeFiles/cmTryCompileExec2240136263.dir/build.make CMakeFiles/cmTryCompileExec2240136263.dir/build
make[2]: Entering directory `/home/hady/rosbuild_ws/package_dir/lsd_slam/lsd_slam_viewer/build/CMakeFiles/CMakeTmp'
/usr/bin/cmake -E cmake_progress_report /home/hady/rosbuild_ws/package_dir/lsd_slam/lsd_slam_viewer/build/CMakeFiles/CMakeTmp/CMakeFiles 1
Building CXX object CMakeFiles/cmTryCompileExec2240136263.dir/CMakeCXXCompilerABI.cpp.o
/usr/bin/c++     -o CMakeFiles/cmTryCompileExec2240136263.dir/CMakeCXXCompilerABI.cpp.o -c /usr/share/cmake-2.8/Modules/CMakeCXXCompilerABI.cpp
Linking CXX executable cmTryCompileExec2240136263
/usr/bin/cmake -E cmake_link_script CMakeFiles/cmTryCompileExec2240136263.dir/link.txt --verbose=1
/usr/bin/c++      -v CMakeFiles/cmTryCompileExec2240136263.dir/CMakeCXXCompilerABI.cpp.o  -o cmTryCompileExec2240136263 -rdynamic  
Using built-in specs.
COLLECT_GCC=/usr/bin/c++
COLLECT_LTO_WRAPPER=/usr/lib/gcc/x86_64-linux-gnu/4.8/lto-wrapper
Target: x86_64-linux-gnu
Configured with: ../src/configure -v --with-pkgversion='Ubuntu 4.8.4-2ubuntu1~14.04.3' --with-bugurl=file:///usr/share/doc/gcc-4.8/README.Bugs --enable-languages=c,c++,java,go,d,fortran,objc,obj-c++ --prefix=/usr --program-suffix=-4.8 --enable-shared --enable-linker-build-id --libexecdir=/usr/lib --without-included-gettext --enable-threads=posix --with-gxx-include-dir=/usr/include/c++/4.8 --libdir=/usr/lib --enable-nls --with-sysroot=/ --enable-clocale=gnu --enable-libstdcxx-debug --enable-libstdcxx-time=yes --enable-gnu-unique-object --disable-libmudflap --enable-plugin --with-system-zlib --disable-browser-plugin --enable-java-awt=gtk --enable-gtk-cairo --with-java-home=/usr/lib/jvm/java-1.5.0-gcj-4.8-amd64/jre --enable-java-home --with-jvm-root-dir=/usr/lib/jvm/java-1.5.0-gcj-4.8-amd64 --with-jvm-jar-dir=/usr/lib/jvm-exports/java-1.5.0-gcj-4.8-amd64 --with-arch-directory=amd64 --with-ecj-jar=/usr/share/java/eclipse-ecj.jar --enable-objc-gc --enable-multiarch --disable-werror --with-arch-32=i686 --with-abi=m64 --with-multilib-list=m32,m64,mx32 --with-tune=generic --enable-checking=release --build=x86_64-linux-gnu --host=x86_64-linux-gnu --target=x86_64-linux-gnu
Thread model: posix
gcc version 4.8.4 (Ubuntu 4.8.4-2ubuntu1~14.04.3) 
COMPILER_PATH=/usr/lib/gcc/x86_64-linux-gnu/4.8/:/usr/lib/gcc/x86_64-linux-gnu/4.8/:/usr/lib/gcc/x86_64-linux-gnu/:/usr/lib/gcc/x86_64-linux-gnu/4.8/:/usr/lib/gcc/x86_64-linux-gnu/
LIBRARY_PATH=/usr/lib/gcc/x86_64-linux-gnu/4.8/:/usr/lib/gcc/x86_64-linux-gnu/4.8/../../../x86_64-linux-gnu/:/usr/lib/gcc/x86_64-linux-gnu/4.8/../../../../lib/:/lib/x86_64-linux-gnu/:/lib/../lib/:/usr/lib/x86_64-linux-gnu/:/usr/lib/../lib/:/usr/lib/gcc/x86_64-linux-gnu/4.8/../../../:/lib/:/usr/lib/
COLLECT_GCC_OPTIONS='-v' '-o' 'cmTryCompileExec2240136263' '-rdynamic' '-shared-libgcc' '-mtune=generic' '-march=x86-64'
 /usr/lib/gcc/x86_64-linux-gnu/4.8/collect2 --sysroot=/ --build-id --eh-frame-hdr -m elf_x86_64 --hash-style=gnu --as-needed -export-dynamic -dynamic-linker /lib64/ld-linux-x86-64.so.2 -z relro -o cmTryCompileExec2240136263 /usr/lib/gcc/x86_64-linux-gnu/4.8/../../../x86_64-linux-gnu/crt1.o /usr/lib/gcc/x86_64-linux-gnu/4.8/../../../x86_64-linux-gnu/crti.o /usr/lib/gcc/x86_64-linux-gnu/4.8/crtbegin.o -L/usr/lib/gcc/x86_64-linux-gnu/4.8 -L/usr/lib/gcc/x86_64-linux-gnu/4.8/../../../x86_64-linux-gnu -L/usr/lib/gcc/x86_64-linux-gnu/4.8/../../../../lib -L/lib/x86_64-linux-gnu -L/lib/../lib -L/usr/lib/x86_64-linux-gnu -L/usr/lib/../lib -L/usr/lib/gcc/x86_64-linux-gnu/4.8/../../.. CMakeFiles/cmTryCompileExec2240136263.dir/CMakeCXXCompilerABI.cpp.o -lstdc++ -lm -lgcc_s -lgcc -lc -lgcc_s -lgcc /usr/lib/gcc/x86_64-linux-gnu/4.8/crtend.o /usr/lib/gcc/x86_64-linux-gnu/4.8/../../../x86_64-linux-gnu/crtn.o
make[2]: Leaving directory `/home/hady/rosbuild_ws/package_dir/lsd_slam/lsd_slam_viewer/build/CMakeFiles/CMakeTmp'
make[1]: Leaving directory `/home/hady/rosbuild_ws/package_dir/lsd_slam/lsd_slam_viewer/build/CMakeFiles/CMakeTmp'


Parsed CXX implicit link information from above output:
  link line regex: [^( *|.*[/\])(ld|([^/\]+-)?ld|collect2)[^/\]*( |$)]
  ignore line: [Change Dir: /home/hady/rosbuild_ws/package_dir/lsd_slam/lsd_slam_viewer/build/CMakeFiles/CMakeTmp]
  ignore line: []
  ignore line: [Run Build Command:/usr/bin/make "cmTryCompileExec2240136263/fast"]
  ignore line: [make[1]: Entering directory `/home/hady/rosbuild_ws/package_dir/lsd_slam/lsd_slam_viewer/build/CMakeFiles/CMakeTmp']
  ignore line: [/usr/bin/make -f CMakeFiles/cmTryCompileExec2240136263.dir/build.make CMakeFiles/cmTryCompileExec2240136263.dir/build]
  ignore line: [make[2]: Entering directory `/home/hady/rosbuild_ws/package_dir/lsd_slam/lsd_slam_viewer/build/CMakeFiles/CMakeTmp']
  ignore line: [/usr/bin/cmake -E cmake_progress_report /home/hady/rosbuild_ws/package_dir/lsd_slam/lsd_slam_viewer/build/CMakeFiles/CMakeTmp/CMakeFiles 1]
  ignore line: [Building CXX object CMakeFiles/cmTryCompileExec2240136263.dir/CMakeCXXCompilerABI.cpp.o]
  ignore line: [/usr/bin/c++     -o CMakeFiles/cmTryCompileExec2240136263.dir/CMakeCXXCompilerABI.cpp.o -c /usr/share/cmake-2.8/Modules/CMakeCXXCompilerABI.cpp]
  ignore line: [Linking CXX executable cmTryCompileExec2240136263]
  ignore line: [/usr/bin/cmake -E cmake_link_script CMakeFiles/cmTryCompileExec2240136263.dir/link.txt --verbose=1]
  ignore line: [/usr/bin/c++      -v CMakeFiles/cmTryCompileExec2240136263.dir/CMakeCXXCompilerABI.cpp.o  -o cmTryCompileExec2240136263 -rdynamic  ]
  ignore line: [Using built-in specs.]
  ignore line: [COLLECT_GCC=/usr/bin/c++]
  ignore line: [COLLECT_LTO_WRAPPER=/usr/lib/gcc/x86_64-linux-gnu/4.8/lto-wrapper]
  ignore line: [Target: x86_64-linux-gnu]
  ignore line: [Configured with: ../src/configure -v --with-pkgversion='Ubuntu 4.8.4-2ubuntu1~14.04.3' --with-bugurl=file:///usr/share/doc/gcc-4.8/README.Bugs --enable-languages=c,c++,java,go,d,fortran,objc,obj-c++ --prefix=/usr --program-suffix=-4.8 --enable-shared --enable-linker-build-id --libexecdir=/usr/lib --without-included-gettext --enable-threads=posix --with-gxx-include-dir=/usr/include/c++/4.8 --libdir=/usr/lib --enable-nls --with-sysroot=/ --enable-clocale=gnu --enable-libstdcxx-debug --enable-libstdcxx-time=yes --enable-gnu-unique-object --disable-libmudflap --enable-plugin --with-system-zlib --disable-browser-plugin --enable-java-awt=gtk --enable-gtk-cairo --with-java-home=/usr/lib/jvm/java-1.5.0-gcj-4.8-amd64/jre --enable-java-home --with-jvm-root-dir=/usr/lib/jvm/java-1.5.0-gcj-4.8-amd64 --with-jvm-jar-dir=/usr/lib/jvm-exports/java-1.5.0-gcj-4.8-amd64 --with-arch-directory=amd64 --with-ecj-jar=/usr/share/java/eclipse-ecj.jar --enable-objc-gc --enable-multiarch --disable-werror --with-arch-32=i686 --with-abi=m64 --with-multilib-list=m32,m64,mx32 --with-tune=generic --enable-checking=release --build=x86_64-linux-gnu --host=x86_64-linux-gnu --target=x86_64-linux-gnu]
  ignore line: [Thread model: posix]
  ignore line: [gcc version 4.8.4 (Ubuntu 4.8.4-2ubuntu1~14.04.3) ]
  ignore line: [COMPILER_PATH=/usr/lib/gcc/x86_64-linux-gnu/4.8/:/usr/lib/gcc/x86_64-linux-gnu/4.8/:/usr/lib/gcc/x86_64-linux-gnu/:/usr/lib/gcc/x86_64-linux-gnu/4.8/:/usr/lib/gcc/x86_64-linux-gnu/]
  ignore line: [LIBRARY_PATH=/usr/lib/gcc/x86_64-linux-gnu/4.8/:/usr/lib/gcc/x86_64-linux-gnu/4.8/../../../x86_64-linux-gnu/:/usr/lib/gcc/x86_64-linux-gnu/4.8/../../../../lib/:/lib/x86_64-linux-gnu/:/lib/../lib/:/usr/lib/x86_64-linux-gnu/:/usr/lib/../lib/:/usr/lib/gcc/x86_64-linux-gnu/4.8/../../../:/lib/:/usr/lib/]
  ignore line: [COLLECT_GCC_OPTIONS='-v' '-o' 'cmTryCompileExec2240136263' '-rdynamic' '-shared-libgcc' '-mtune=generic' '-march=x86-64']
  link line: [ /usr/lib/gcc/x86_64-linux-gnu/4.8/collect2 --sysroot=/ --build-id --eh-frame-hdr -m elf_x86_64 --hash-style=gnu --as-needed -export-dynamic -dynamic-linker /lib64/ld-linux-x86-64.so.2 -z relro -o cmTryCompileExec2240136263 /usr/lib/gcc/x86_64-linux-gnu/4.8/../../../x86_64-linux-gnu/crt1.o /usr/lib/gcc/x86_64-linux-gnu/4.8/../../../x86_64-linux-gnu/crti.o /usr/lib/gcc/x86_64-linux-gnu/4.8/crtbegin.o -L/usr/lib/gcc/x86_64-linux-gnu/4.8 -L/usr/lib/gcc/x86_64-linux-gnu/4.8/../../../x86_64-linux-gnu -L/usr/lib/gcc/x86_64-linux-gnu/4.8/../../../../lib -L/lib/x86_64-linux-gnu -L/lib/../lib -L/usr/lib/x86_64-linux-gnu -L/usr/lib/../lib -L/usr/lib/gcc/x86_64-linux-gnu/4.8/../../.. CMakeFiles/cmTryCompileExec2240136263.dir/CMakeCXXCompilerABI.cpp.o -lstdc++ -lm -lgcc_s -lgcc -lc -lgcc_s -lgcc /usr/lib/gcc/x86_64-linux-gnu/4.8/crtend.o /usr/lib/gcc/x86_64-linux-gnu/4.8/../../../x86_64-linux-gnu/crtn.o]
    arg [/usr/lib/gcc/x86_64-linux-gnu/4.8/collect2] ==> ignore
    arg [--sysroot=/] ==> ignore
    arg [--build-id] ==> ignore
    arg [--eh-frame-hdr] ==> ignore
    arg [-m] ==> ignore
    arg [elf_x86_64] ==> ignore
    arg [--hash-style=gnu] ==> ignore
    arg [--as-needed] ==> ignore
    arg [-export-dynamic] ==> ignore
    arg [-dynamic-linker] ==> ignore
    arg [/lib64/ld-linux-x86-64.so.2] ==> ignore
    arg [-zrelro] ==> ignore
    arg [-o] ==> ignore
    arg [cmTryCompileExec2240136263] ==> ignore
    arg [/usr/lib/gcc/x86_64-linux-gnu/4.8/../../../x86_64-linux-gnu/crt1.o] ==> ignore
    arg [/usr/lib/gcc/x86_64-linux-gnu/4.8/../../../x86_64-linux-gnu/crti.o] ==> ignore
    arg [/usr/lib/gcc/x86_64-linux-gnu/4.8/crtbegin.o] ==> ignore
    arg [-L/usr/lib/gcc/x86_64-linux-gnu/4.8] ==> dir [/usr/lib/gcc/x86_64-linux-gnu/4.8]
    arg [-L/usr/lib/gcc/x86_64-linux-gnu/4.8/../../../x86_64-linux-gnu] ==> dir [/usr/lib/gcc/x86_64-linux-gnu/4.8/../../../x86_64-linux-gnu]
    arg [-L/usr/lib/gcc/x86_64-linux-gnu/4.8/../../../../lib] ==> dir [/usr/lib/gcc/x86_64-linux-gnu/4.8/../../../../lib]
    arg [-L/lib/x86_64-linux-gnu] ==> dir [/lib/x86_64-linux-gnu]
    arg [-L/lib/../lib] ==> dir [/lib/../lib]
    arg [-L/usr/lib/x86_64-linux-gnu] ==> dir [/usr/lib/x86_64-linux-gnu]
    arg [-L/usr/lib/../lib] ==> dir [/usr/lib/../lib]
    arg [-L/usr/lib/gcc/x86_64-linux-gnu/4.8/../../..] ==> dir [/usr/lib/gcc/x86_64-linux-gnu/4.8/../../..]
    arg [CMakeFiles/cmTryCompileExec2240136263.dir/CMakeCXXCompilerABI.cpp.o] ==> ignore
    arg [-lstdc++] ==> lib [stdc++]
    arg [-lm] ==> lib [m]
    arg [-lgcc_s] ==> lib [gcc_s]
    arg [-lgcc] ==> lib [gcc]
    arg [-lc] ==> lib [c]
    arg [-lgcc_s] ==> lib [gcc_s]
    arg [-lgcc] ==> lib [gcc]
    arg [/usr/lib/gcc/x86_64-linux-gnu/4.8/crtend.o] ==> ignore
    arg [/usr/lib/gcc/x86_64-linux-gnu/4.8/../../../x86_64-linux-gnu/crtn.o] ==> ignore
  remove lib [gcc_s]
  remove lib [gcc]
  remove lib [gcc_s]
  remove lib [gcc]
  collapse library dir [/usr/lib/gcc/x86_64-linux-gnu/4.8] ==> [/usr/lib/gcc/x86_64-linux-gnu/4.8]
  collapse library dir [/usr/lib/gcc/x86_64-linux-gnu/4.8/../../../x86_64-linux-gnu] ==> [/usr/lib/x86_64-linux-gnu]
  collapse library dir [/usr/lib/gcc/x86_64-linux-gnu/4.8/../../../../lib] ==> [/usr/lib]
  collapse library dir [/lib/x86_64-linux-gnu] ==> [/lib/x86_64-linux-gnu]
  collapse library dir [/lib/../lib] ==> [/lib]
  collapse library dir [/usr/lib/x86_64-linux-gnu] ==> [/usr/lib/x86_64-linux-gnu]
  collapse library dir [/usr/lib/../lib] ==> [/usr/lib]
  collapse library dir [/usr/lib/gcc/x86_64-linux-gnu/4.8/../../..] ==> [/usr/lib]
  implicit libs: [stdc++;m;c]
  implicit dirs: [/usr/lib/gcc/x86_64-linux-gnu/4.8;/usr/lib/x86_64-linux-gnu;/usr/lib;/lib/x86_64-linux-gnu;/lib]
  implicit fwks: []


Determining if files pthread.h exist passed with the following output:
Change Dir: /home/hady/rosbuild_ws/package_dir/lsd_slam/lsd_slam_viewer/build/CMakeFiles/CMakeTmp

Run Build Command:/usr/bin/make "cmTryCompileExec1111161907/fast"
make[1]: Entering directory `/home/hady/rosbuild_ws/package_dir/lsd_slam/lsd_slam_viewer/build/CMakeFiles/CMakeTmp'
/usr/bin/make -f CMakeFiles/cmTryCompileExec1111161907.dir/build.make CMakeFiles/cmTryCompileExec1111161907.dir/build
make[2]: Entering directory `/home/hady/rosbuild_ws/package_dir/lsd_slam/lsd_slam_viewer/build/CMakeFiles/CMakeTmp'
/usr/bin/cmake -E cmake_progress_report /home/hady/rosbuild_ws/package_dir/lsd_slam/lsd_slam_viewer/build/CMakeFiles/CMakeTmp/CMakeFiles 1
Building C object CMakeFiles/cmTryCompileExec1111161907.dir/CheckIncludeFiles.c.o
/usr/bin/cc    -o CMakeFiles/cmTryCompileExec1111161907.dir/CheckIncludeFiles.c.o   -c /home/hady/rosbuild_ws/package_dir/lsd_slam/lsd_slam_viewer/build/CMakeFiles/CMakeTmp/CheckIncludeFiles.c
Linking C executable cmTryCompileExec1111161907
/usr/bin/cmake -E cmake_link_script CMakeFiles/cmTryCompileExec1111161907.dir/link.txt --verbose=1
/usr/bin/cc       CMakeFiles/cmTryCompileExec1111161907.dir/CheckIncludeFiles.c.o  -o cmTryCompileExec1111161907 -rdynamic 
make[2]: Leaving directory `/home/hady/rosbuild_ws/package_dir/lsd_slam/lsd_slam_viewer/build/CMakeFiles/CMakeTmp'
make[1]: Leaving directory `/home/hady/rosbuild_ws/package_dir/lsd_slam/lsd_slam_viewer/build/CMakeFiles/CMakeTmp'


Determining if the function pthread_create exists in the pthread passed with the following output:
Change Dir: /home/hady/rosbuild_ws/package_dir/lsd_slam/lsd_slam_viewer/build/CMakeFiles/CMakeTmp

Run Build Command:/usr/bin/make "cmTryCompileExec640377467/fast"
make[1]: Entering directory `/home/hady/rosbuild_ws/package_dir/lsd_slam/lsd_slam_viewer/build/CMakeFiles/CMakeTmp'
/usr/bin/make -f CMakeFiles/cmTryCompileExec640377467.dir/build.make CMakeFiles/cmTryCompileExec640377467.dir/build
make[2]: Entering directory `/home/hady/rosbuild_ws/package_dir/lsd_slam/lsd_slam_viewer/build/CMakeFiles/CMakeTmp'
/usr/bin/cmake -E cmake_progress_report /home/hady/rosbuild_ws/package_dir/lsd_slam/lsd_slam_viewer/build/CMakeFiles/CMakeTmp/CMakeFiles 1
Building C object CMakeFiles/cmTryCompileExec640377467.dir/CheckFunctionExists.c.o
/usr/bin/cc   -DCHECK_FUNCTION_EXISTS=pthread_create   -o CMakeFiles/cmTryCompileExec640377467.dir/CheckFunctionExists.c.o   -c /usr/share/cmake-2.8/Modules/CheckFunctionExists.c
Linking C executable cmTryCompileExec640377467
/usr/bin/cmake -E cmake_link_script CMakeFiles/cmTryCompileExec640377467.dir/link.txt --verbose=1
/usr/bin/cc   -DCHECK_FUNCTION_EXISTS=pthread_create    CMakeFiles/cmTryCompileExec640377467.dir/CheckFunctionExists.c.o  -o cmTryCompileExec640377467 -rdynamic -lpthread 
make[2]: Leaving directory `/home/hady/rosbuild_ws/package_dir/lsd_slam/lsd_slam_viewer/build/CMakeFiles/CMakeTmp'
make[1]: Leaving directory `/home/hady/rosbuild_ws/package_dir/lsd_slam/lsd_slam_viewer/build/CMakeFiles/CMakeTmp'


Determining if the function XOpenDisplay exists in the /usr/lib/x86_64-linux-gnu/libX11.so;/usr/lib/x86_64-linux-gnu/libXext.so passed with the following output:
Change Dir: /home/hady/rosbuild_ws/package_dir/lsd_slam/lsd_slam_viewer/build/CMakeFiles/CMakeTmp

Run Build Command:/usr/bin/make "cmTryCompileExec2242873293/fast"
make[1]: Entering directory `/home/hady/rosbuild_ws/package_dir/lsd_slam/lsd_slam_viewer/build/CMakeFiles/CMakeTmp'
/usr/bin/make -f CMakeFiles/cmTryCompileExec2242873293.dir/build.make CMakeFiles/cmTryCompileExec2242873293.dir/build
make[2]: Entering directory `/home/hady/rosbuild_ws/package_dir/lsd_slam/lsd_slam_viewer/build/CMakeFiles/CMakeTmp'
/usr/bin/cmake -E cmake_progress_report /home/hady/rosbuild_ws/package_dir/lsd_slam/lsd_slam_viewer/build/CMakeFiles/CMakeTmp/CMakeFiles 1
Building C object CMakeFiles/cmTryCompileExec2242873293.dir/CheckFunctionExists.c.o
/usr/bin/cc   -DCHECK_FUNCTION_EXISTS=XOpenDisplay   -o CMakeFiles/cmTryCompileExec2242873293.dir/CheckFunctionExists.c.o   -c /usr/share/cmake-2.8/Modules/CheckFunctionExists.c
Linking C executable cmTryCompileExec2242873293
/usr/bin/cmake -E cmake_link_script CMakeFiles/cmTryCompileExec2242873293.dir/link.txt --verbose=1
/usr/bin/cc   -DCHECK_FUNCTION_EXISTS=XOpenDisplay    CMakeFiles/cmTryCompileExec2242873293.dir/CheckFunctionExists.c.o  -o cmTryCompileExec2242873293 -rdynamic -lX11 -lXext 
make[2]: Leaving directory `/home/hady/rosbuild_ws/package_dir/lsd_slam/lsd_slam_viewer/build/CMakeFiles/CMakeTmp'
make[1]: Leaving directory `/home/hady/rosbuild_ws/package_dir/lsd_slam/lsd_slam_viewer/build/CMakeFiles/CMakeTmp'


Determining if the function gethostbyname exists passed with the following output:
Change Dir: /home/hady/rosbuild_ws/package_dir/lsd_slam/lsd_slam_viewer/build/CMakeFiles/CMakeTmp

Run Build Command:/usr/bin/make "cmTryCompileExec2853754315/fast"
make[1]: Entering directory `/home/hady/rosbuild_ws/package_dir/lsd_slam/lsd_slam_viewer/build/CMakeFiles/CMakeTmp'
/usr/bin/make -f CMakeFiles/cmTryCompileExec2853754315.dir/build.make CMakeFiles/cmTryCompileExec2853754315.dir/build
make[2]: Entering directory `/home/hady/rosbuild_ws/package_dir/lsd_slam/lsd_slam_viewer/build/CMakeFiles/CMakeTmp'
/usr/bin/cmake -E cmake_progress_report /home/hady/rosbuild_ws/package_dir/lsd_slam/lsd_slam_viewer/build/CMakeFiles/CMakeTmp/CMakeFiles 1
Building C object CMakeFiles/cmTryCompileExec2853754315.dir/CheckFunctionExists.c.o
/usr/bin/cc   -DCHECK_FUNCTION_EXISTS=gethostbyname   -o CMakeFiles/cmTryCompileExec2853754315.dir/CheckFunctionExists.c.o   -c /usr/share/cmake-2.8/Modules/CheckFunctionExists.c
Linking C executable cmTryCompileExec2853754315
/usr/bin/cmake -E cmake_link_script CMakeFiles/cmTryCompileExec2853754315.dir/link.txt --verbose=1
/usr/bin/cc   -DCHECK_FUNCTION_EXISTS=gethostbyname    CMakeFiles/cmTryCompileExec2853754315.dir/CheckFunctionExists.c.o  -o cmTryCompileExec2853754315 -rdynamic 
make[2]: Leaving directory `/home/hady/rosbuild_ws/package_dir/lsd_slam/lsd_slam_viewer/build/CMakeFiles/CMakeTmp'
make[1]: Leaving directory `/home/hady/rosbuild_ws/package_dir/lsd_slam/lsd_slam_viewer/build/CMakeFiles/CMakeTmp'


Determining if the function connect exists passed with the following output:
Change Dir: /home/hady/rosbuild_ws/package_dir/lsd_slam/lsd_slam_viewer/build/CMakeFiles/CMakeTmp

Run Build Command:/usr/bin/make "cmTryCompileExec2759914693/fast"
make[1]: Entering directory `/home/hady/rosbuild_ws/package_dir/lsd_slam/lsd_slam_viewer/build/CMakeFiles/CMakeTmp'
/usr/bin/make -f CMakeFiles/cmTryCompileExec2759914693.dir/build.make CMakeFiles/cmTryCompileExec2759914693.dir/build
make[2]: Entering directory `/home/hady/rosbuild_ws/package_dir/lsd_slam/lsd_slam_viewer/build/CMakeFiles/CMakeTmp'
/usr/bin/cmake -E cmake_progress_report /home/hady/rosbuild_ws/package_dir/lsd_slam/lsd_slam_viewer/build/CMakeFiles/CMakeTmp/CMakeFiles 1
Building C object CMakeFiles/cmTryCompileExec2759914693.dir/CheckFunctionExists.c.o
/usr/bin/cc   -DCHECK_FUNCTION_EXISTS=connect   -o CMakeFiles/cmTryCompileExec2759914693.dir/CheckFunctionExists.c.o   -c /usr/share/cmake-2.8/Modules/CheckFunctionExists.c
Linking C executable cmTryCompileExec2759914693
/usr/bin/cmake -E cmake_link_script CMakeFiles/cmTryCompileExec2759914693.dir/link.txt --verbose=1
/usr/bin/cc   -DCHECK_FUNCTION_EXISTS=connect    CMakeFiles/cmTryCompileExec2759914693.dir/CheckFunctionExists.c.o  -o cmTryCompileExec2759914693 -rdynamic 
make[2]: Leaving directory `/home/hady/rosbuild_ws/package_dir/lsd_slam/lsd_slam_viewer/build/CMakeFiles/CMakeTmp'
make[1]: Leaving directory `/home/hady/rosbuild_ws/package_dir/lsd_slam/lsd_slam_viewer/build/CMakeFiles/CMakeTmp'


Determining if the function remove exists passed with the following output:
Change Dir: /home/hady/rosbuild_ws/package_dir/lsd_slam/lsd_slam_viewer/build/CMakeFiles/CMakeTmp

Run Build Command:/usr/bin/make "cmTryCompileExec2745735227/fast"
make[1]: Entering directory `/home/hady/rosbuild_ws/package_dir/lsd_slam/lsd_slam_viewer/build/CMakeFiles/CMakeTmp'
/usr/bin/make -f CMakeFiles/cmTryCompileExec2745735227.dir/build.make CMakeFiles/cmTryCompileExec2745735227.dir/build
make[2]: Entering directory `/home/hady/rosbuild_ws/package_dir/lsd_slam/lsd_slam_viewer/build/CMakeFiles/CMakeTmp'
/usr/bin/cmake -E cmake_progress_report /home/hady/rosbuild_ws/package_dir/lsd_slam/lsd_slam_viewer/build/CMakeFiles/CMakeTmp/CMakeFiles 1
Building C object CMakeFiles/cmTryCompileExec2745735227.dir/CheckFunctionExists.c.o
/usr/bin/cc   -DCHECK_FUNCTION_EXISTS=remove   -o CMakeFiles/cmTryCompileExec2745735227.dir/CheckFunctionExists.c.o   -c /usr/share/cmake-2.8/Modules/CheckFunctionExists.c
Linking C executable cmTryCompileExec2745735227
/usr/bin/cmake -E cmake_link_script CMakeFiles/cmTryCompileExec2745735227.dir/link.txt --verbose=1
/usr/bin/cc   -DCHECK_FUNCTION_EXISTS=remove    CMakeFiles/cmTryCompileExec2745735227.dir/CheckFunctionExists.c.o  -o cmTryCompileExec2745735227 -rdynamic 
make[2]: Leaving directory `/home/hady/rosbuild_ws/package_dir/lsd_slam/lsd_slam_viewer/build/CMakeFiles/CMakeTmp'
make[1]: Leaving directory `/home/hady/rosbuild_ws/package_dir/lsd_slam/lsd_slam_viewer/build/CMakeFiles/CMakeTmp'


Determining if the function shmat exists passed with the following output:
Change Dir: /home/hady/rosbuild_ws/package_dir/lsd_slam/lsd_slam_viewer/build/CMakeFiles/CMakeTmp

Run Build Command:/usr/bin/make "cmTryCompileExec1239483825/fast"
make[1]: Entering directory `/home/hady/rosbuild_ws/package_dir/lsd_slam/lsd_slam_viewer/build/CMakeFiles/CMakeTmp'
/usr/bin/make -f CMakeFiles/cmTryCompileExec1239483825.dir/build.make CMakeFiles/cmTryCompileExec1239483825.dir/build
make[2]: Entering directory `/home/hady/rosbuild_ws/package_dir/lsd_slam/lsd_slam_viewer/build/CMakeFiles/CMakeTmp'
/usr/bin/cmake -E cmake_progress_report /home/hady/rosbuild_ws/package_dir/lsd_slam/lsd_slam_viewer/build/CMakeFiles/CMakeTmp/CMakeFiles 1
Building C object CMakeFiles/cmTryCompileExec1239483825.dir/CheckFunctionExists.c.o
/usr/bin/cc   -DCHECK_FUNCTION_EXISTS=shmat   -o CMakeFiles/cmTryCompileExec1239483825.dir/CheckFunctionExists.c.o   -c /usr/share/cmake-2.8/Modules/CheckFunctionExists.c
Linking C executable cmTryCompileExec1239483825
/usr/bin/cmake -E cmake_link_script CMakeFiles/cmTryCompileExec1239483825.dir/link.txt --verbose=1
/usr/bin/cc   -DCHECK_FUNCTION_EXISTS=shmat    CMakeFiles/cmTryCompileExec1239483825.dir/CheckFunctionExists.c.o  -o cmTryCompileExec1239483825 -rdynamic 
make[2]: Leaving directory `/home/hady/rosbuild_ws/package_dir/lsd_slam/lsd_slam_viewer/build/CMakeFiles/CMakeTmp'
make[1]: Leaving directory `/home/hady/rosbuild_ws/package_dir/lsd_slam/lsd_slam_viewer/build/CMakeFiles/CMakeTmp'


Determining if the function IceConnectionNumber exists in the ICE passed with the following output:
Change Dir: /home/hady/rosbuild_ws/package_dir/lsd_slam/lsd_slam_viewer/build/CMakeFiles/CMakeTmp

Run Build Command:/usr/bin/make "cmTryCompileExec2309585669/fast"
make[1]: Entering directory `/home/hady/rosbuild_ws/package_dir/lsd_slam/lsd_slam_viewer/build/CMakeFiles/CMakeTmp'
/usr/bin/make -f CMakeFiles/cmTryCompileExec2309585669.dir/build.make CMakeFiles/cmTryCompileExec2309585669.dir/build
make[2]: Entering directory `/home/hady/rosbuild_ws/package_dir/lsd_slam/lsd_slam_viewer/build/CMakeFiles/CMakeTmp'
/usr/bin/cmake -E cmake_progress_report /home/hady/rosbuild_ws/package_dir/lsd_slam/lsd_slam_viewer/build/CMakeFiles/CMakeTmp/CMakeFiles 1
Building C object CMakeFiles/cmTryCompileExec2309585669.dir/CheckFunctionExists.c.o
/usr/bin/cc   -DCHECK_FUNCTION_EXISTS=IceConnectionNumber   -o CMakeFiles/cmTryCompileExec2309585669.dir/CheckFunctionExists.c.o   -c /usr/share/cmake-2.8/Modules/CheckFunctionExists.c
Linking C executable cmTryCompileExec2309585669
/usr/bin/cmake -E cmake_link_script CMakeFiles/cmTryCompileExec2309585669.dir/link.txt --verbose=1
/usr/bin/cc   -DCHECK_FUNCTION_EXISTS=IceConnectionNumber    CMakeFiles/cmTryCompileExec2309585669.dir/CheckFunctionExists.c.o  -o cmTryCompileExec2309585669 -rdynamic -lICE 
make[2]: Leaving directory `/home/hady/rosbuild_ws/package_dir/lsd_slam/lsd_slam_viewer/build/CMakeFiles/CMakeTmp'
make[1]: Leaving directory `/home/hady/rosbuild_ws/package_dir/lsd_slam/lsd_slam_viewer/build/CMakeFiles/CMakeTmp'


Determining if the Q_WS_X11 exist passed with the following output:
Change Dir: /home/hady/rosbuild_ws/package_dir/lsd_slam/lsd_slam_viewer/build/CMakeFiles/CMakeTmp

Run Build Command:/usr/bin/make "cmTryCompileExec3218605914/fast"
make[1]: Entering directory `/home/hady/rosbuild_ws/package_dir/lsd_slam/lsd_slam_viewer/build/CMakeFiles/CMakeTmp'
/usr/bin/make -f CMakeFiles/cmTryCompileExec3218605914.dir/build.make CMakeFiles/cmTryCompileExec3218605914.dir/build
make[2]: Entering directory `/home/hady/rosbuild_ws/package_dir/lsd_slam/lsd_slam_viewer/build/CMakeFiles/CMakeTmp'
/usr/bin/cmake -E cmake_progress_report /home/hady/rosbuild_ws/package_dir/lsd_slam/lsd_slam_viewer/build/CMakeFiles/CMakeTmp/CMakeFiles 1
Building CXX object CMakeFiles/cmTryCompileExec3218605914.dir/CheckSymbolExists.cxx.o
/usr/bin/c++    -I/usr/include/qt4    -o CMakeFiles/cmTryCompileExec3218605914.dir/CheckSymbolExists.cxx.o -c /home/hady/rosbuild_ws/package_dir/lsd_slam/lsd_slam_viewer/build/CMakeFiles/CMakeTmp/CheckSymbolExists.cxx
Linking CXX executable cmTryCompileExec3218605914
/usr/bin/cmake -E cmake_link_script CMakeFiles/cmTryCompileExec3218605914.dir/link.txt --verbose=1
/usr/bin/c++        CMakeFiles/cmTryCompileExec3218605914.dir/CheckSymbolExists.cxx.o  -o cmTryCompileExec3218605914 -rdynamic 
make[2]: Leaving directory `/home/hady/rosbuild_ws/package_dir/lsd_slam/lsd_slam_viewer/build/CMakeFiles/CMakeTmp'
make[1]: Leaving directory `/home/hady/rosbuild_ws/package_dir/lsd_slam/lsd_slam_viewer/build/CMakeFiles/CMakeTmp'

File /home/hady/rosbuild_ws/package_dir/lsd_slam/lsd_slam_viewer/build/CMakeFiles/CMakeTmp/CheckSymbolExists.cxx:
/* */
#include <QtCore/qglobal.h>

int main(int argc, char** argv)
{
  (void)argv;
#ifndef Q_WS_X11
  return ((int*)(&Q_WS_X11))[argc];
#else
  (void)argc;
  return 0;
#endif
}

Performing C++ SOURCE FILE Test HAS_SSE3_EXTENSIONS succeded with the following output:
Change Dir: /home/hady/rosbuild_ws/package_dir/lsd_slam/lsd_slam_viewer/build/CMakeFiles/CMakeTmp

Run Build Command:/usr/bin/make "cmTryCompileExec1891731693/fast"
make[1]: Entering directory `/home/hady/rosbuild_ws/package_dir/lsd_slam/lsd_slam_viewer/build/CMakeFiles/CMakeTmp'
/usr/bin/make -f CMakeFiles/cmTryCompileExec1891731693.dir/build.make CMakeFiles/cmTryCompileExec1891731693.dir/build
make[2]: Entering directory `/home/hady/rosbuild_ws/package_dir/lsd_slam/lsd_slam_viewer/build/CMakeFiles/CMakeTmp'
/usr/bin/cmake -E cmake_progress_report /home/hady/rosbuild_ws/package_dir/lsd_slam/lsd_slam_viewer/build/CMakeFiles/CMakeTmp/CMakeFiles 1
Building CXX object CMakeFiles/cmTryCompileExec1891731693.dir/src.cxx.o
/usr/bin/c++    -DHAS_SSE3_EXTENSIONS -msse3   -o CMakeFiles/cmTryCompileExec1891731693.dir/src.cxx.o -c /home/hady/rosbuild_ws/package_dir/lsd_slam/lsd_slam_viewer/build/CMakeFiles/CMakeTmp/src.cxx
Linking CXX executable cmTryCompileExec1891731693
/usr/bin/cmake -E cmake_link_script CMakeFiles/cmTryCompileExec1891731693.dir/link.txt --verbose=1
/usr/bin/c++    -DHAS_SSE3_EXTENSIONS -msse3    CMakeFiles/cmTryCompileExec1891731693.dir/src.cxx.o  -o cmTryCompileExec1891731693 -rdynamic 
make[2]: Leaving directory `/home/hady/rosbuild_ws/package_dir/lsd_slam/lsd_slam_viewer/build/CMakeFiles/CMakeTmp'
make[1]: Leaving directory `/home/hady/rosbuild_ws/package_dir/lsd_slam/lsd_slam_viewer/build/CMakeFiles/CMakeTmp'

Return value: 1
Source file was:

    #include <pmmintrin.h>

    int main()
    {
       __m128d a, b;
       double vals[2] = {0};
       a = _mm_loadu_pd(vals);
       b = _mm_hadd_pd(a,a);
       _mm_storeu_pd(vals, b);
       return 0;
    }
Performing C++ SOURCE FILE Test HAS_SSE2_EXTENSIONS succeded with the following output:
Change Dir: /home/hady/rosbuild_ws/package_dir/lsd_slam/lsd_slam_viewer/build/CMakeFiles/CMakeTmp

Run Build Command:/usr/bin/make "cmTryCompileExec2055102734/fast"
make[1]: Entering directory `/home/hady/rosbuild_ws/package_dir/lsd_slam/lsd_slam_viewer/build/CMakeFiles/CMakeTmp'
/usr/bin/make -f CMakeFiles/cmTryCompileExec2055102734.dir/build.make CMakeFiles/cmTryCompileExec2055102734.dir/build
make[2]: Entering directory `/home/hady/rosbuild_ws/package_dir/lsd_slam/lsd_slam_viewer/build/CMakeFiles/CMakeTmp'
/usr/bin/cmake -E cmake_progress_report /home/hady/rosbuild_ws/package_dir/lsd_slam/lsd_slam_viewer/build/CMakeFiles/CMakeTmp/CMakeFiles 1
Building CXX object CMakeFiles/cmTryCompileExec2055102734.dir/src.cxx.o
/usr/bin/c++    -DHAS_SSE2_EXTENSIONS -msse2   -o CMakeFiles/cmTryCompileExec2055102734.dir/src.cxx.o -c /home/hady/rosbuild_ws/package_dir/lsd_slam/lsd_slam_viewer/build/CMakeFiles/CMakeTmp/src.cxx
Linking CXX executable cmTryCompileExec2055102734
/usr/bin/cmake -E cmake_link_script CMakeFiles/cmTryCompileExec2055102734.dir/link.txt --verbose=1
/usr/bin/c++    -DHAS_SSE2_EXTENSIONS -msse2    CMakeFiles/cmTryCompileExec2055102734.dir/src.cxx.o  -o cmTryCompileExec2055102734 -rdynamic 
make[2]: Leaving directory `/home/hady/rosbuild_ws/package_dir/lsd_slam/lsd_slam_viewer/build/CMakeFiles/CMakeTmp'
make[1]: Leaving directory `/home/hady/rosbuild_ws/package_dir/lsd_slam/lsd_slam_viewer/build/CMakeFiles/CMakeTmp'

Return value: 1
Source file was:

    #include <emmintrin.h>

    int main()
    {
        __m128d a, b;
        double vals[2] = {0};
        a = _mm_loadu_pd(vals);
        b = _mm_add_pd(a,a);
        _mm_storeu_pd(vals,b);
        return 0;
     }
Performing C++ SOURCE FILE Test HAS_SSE_EXTENSIONS succeded with the following output:
Change Dir: /home/hady/rosbuild_ws/package_dir/lsd_slam/lsd_slam_viewer/build/CMakeFiles/CMakeTmp

Run Build Command:/usr/bin/make "cmTryCompileExec858092053/fast"
make[1]: Entering directory `/home/hady/rosbuild_ws/package_dir/lsd_slam/lsd_slam_viewer/build/CMakeFiles/CMakeTmp'
/usr/bin/make -f CMakeFiles/cmTryCompileExec858092053.dir/build.make CMakeFiles/cmTryCompileExec858092053.dir/build
make[2]: Entering directory `/home/hady/rosbuild_ws/package_dir/lsd_slam/lsd_slam_viewer/build/CMakeFiles/CMakeTmp'
/usr/bin/cmake -E cmake_progress_report /home/hady/rosbuild_ws/package_dir/lsd_slam/lsd_slam_viewer/build/CMakeFiles/CMakeTmp/CMakeFiles 1
Building CXX object CMakeFiles/cmTryCompileExec858092053.dir/src.cxx.o
/usr/bin/c++    -DHAS_SSE_EXTENSIONS -msse   -o CMakeFiles/cmTryCompileExec858092053.dir/src.cxx.o -c /home/hady/rosbuild_ws/package_dir/lsd_slam/lsd_slam_viewer/build/CMakeFiles/CMakeTmp/src.cxx
Linking CXX executable cmTryCompileExec858092053
/usr/bin/cmake -E cmake_link_script CMakeFiles/cmTryCompileExec858092053.dir/link.txt --verbose=1
/usr/bin/c++    -DHAS_SSE_EXTENSIONS -msse    CMakeFiles/cmTryCompileExec858092053.dir/src.cxx.o  -o cmTryCompileExec858092053 -rdynamic 
make[2]: Leaving directory `/home/hady/rosbuild_ws/package_dir/lsd_slam/lsd_slam_viewer/build/CMakeFiles/CMakeTmp'
make[1]: Leaving directory `/home/hady/rosbuild_ws/package_dir/lsd_slam/lsd_slam_viewer/build/CMakeFiles/CMakeTmp'

Return value: 1
Source file was:

    #include <xmmintrin.h>
    int main()
    {
        __m128 a, b;
        float vals[4] = {0};
        a = _mm_loadu_ps(vals);
        b = a;
        b = _mm_add_ps(a,b);
        _mm_storeu_ps(vals,b);
        return 0;
    }
