The system is: Linux - 4.4.0-31-generic - x86_64
Compiling the C compiler identification source file "CMakeCCompilerId.c" succeeded.
Compiler: /usr/bin/cc 
Build flags: 
Id flags: 

The output was:
0


Compilation of the C compiler identification source "CMakeCCompilerId.c" produced "a.out"

The C compiler identification is GNU, found in "/home/hady/rosbuild_ws/package_dir/lsd_slam/lsd_slam_core/build/CMakeFiles/2.8.12.2/CompilerIdC/a.out"

Compiling the CXX compiler identification source file "CMakeCXXCompilerId.cpp" succeeded.
Compiler: /usr/bin/c++ 
Build flags: 
Id flags: 

The output was:
0


Compilation of the CXX compiler identification source "CMakeCXXCompilerId.cpp" produced "a.out"

The CXX compiler identification is GNU, found in "/home/hady/rosbuild_ws/package_dir/lsd_slam/lsd_slam_core/build/CMakeFiles/2.8.12.2/CompilerIdCXX/a.out"

Determining if the C compiler works passed with the following output:
Change Dir: /home/hady/rosbuild_ws/package_dir/lsd_slam/lsd_slam_core/build/CMakeFiles/CMakeTmp

Run Build Command:/usr/bin/make "cmTryCompileExec19794111/fast"
make[1]: Entering directory `/home/hady/rosbuild_ws/package_dir/lsd_slam/lsd_slam_core/build/CMakeFiles/CMakeTmp'
/usr/bin/make -f CMakeFiles/cmTryCompileExec19794111.dir/build.make CMakeFiles/cmTryCompileExec19794111.dir/build
make[2]: Entering directory `/home/hady/rosbuild_ws/package_dir/lsd_slam/lsd_slam_core/build/CMakeFiles/CMakeTmp'
/usr/bin/cmake -E cmake_progress_report /home/hady/rosbuild_ws/package_dir/lsd_slam/lsd_slam_core/build/CMakeFiles/CMakeTmp/CMakeFiles 1
Building C object CMakeFiles/cmTryCompileExec19794111.dir/testCCompiler.c.o
/usr/bin/cc    -o CMakeFiles/cmTryCompileExec19794111.dir/testCCompiler.c.o   -c /home/hady/rosbuild_ws/package_dir/lsd_slam/lsd_slam_core/build/CMakeFiles/CMakeTmp/testCCompiler.c
Linking C executable cmTryCompileExec19794111
/usr/bin/cmake -E cmake_link_script CMakeFiles/cmTryCompileExec19794111.dir/link.txt --verbose=1
/usr/bin/cc       CMakeFiles/cmTryCompileExec19794111.dir/testCCompiler.c.o  -o cmTryCompileExec19794111 -rdynamic 
make[2]: Leaving directory `/home/hady/rosbuild_ws/package_dir/lsd_slam/lsd_slam_core/build/CMakeFiles/CMakeTmp'
make[1]: Leaving directory `/home/hady/rosbuild_ws/package_dir/lsd_slam/lsd_slam_core/build/CMakeFiles/CMakeTmp'


Detecting C compiler ABI info compiled with the following output:
Change Dir: /home/hady/rosbuild_ws/package_dir/lsd_slam/lsd_slam_core/build/CMakeFiles/CMakeTmp

Run Build Command:/usr/bin/make "cmTryCompileExec1771847522/fast"
make[1]: Entering directory `/home/hady/rosbuild_ws/package_dir/lsd_slam/lsd_slam_core/build/CMakeFiles/CMakeTmp'
/usr/bin/make -f CMakeFiles/cmTryCompileExec1771847522.dir/build.make CMakeFiles/cmTryCompileExec1771847522.dir/build
make[2]: Entering directory `/home/hady/rosbuild_ws/package_dir/lsd_slam/lsd_slam_core/build/CMakeFiles/CMakeTmp'
/usr/bin/cmake -E cmake_progress_report /home/hady/rosbuild_ws/package_dir/lsd_slam/lsd_slam_core/build/CMakeFiles/CMakeTmp/CMakeFiles 1
Building C object CMakeFiles/cmTryCompileExec1771847522.dir/CMakeCCompilerABI.c.o
/usr/bin/cc    -o CMakeFiles/cmTryCompileExec1771847522.dir/CMakeCCompilerABI.c.o   -c /usr/share/cmake-2.8/Modules/CMakeCCompilerABI.c
Linking C executable cmTryCompileExec1771847522
/usr/bin/cmake -E cmake_link_script CMakeFiles/cmTryCompileExec1771847522.dir/link.txt --verbose=1
/usr/bin/cc     -v CMakeFiles/cmTryCompileExec1771847522.dir/CMakeCCompilerABI.c.o  -o cmTryCompileExec1771847522 -rdynamic  
Using built-in specs.
COLLECT_GCC=/usr/bin/cc
COLLECT_LTO_WRAPPER=/usr/lib/gcc/x86_64-linux-gnu/4.8/lto-wrapper
Target: x86_64-linux-gnu
Configured with: ../src/configure -v --with-pkgversion='Ubuntu 4.8.4-2ubuntu1~14.04.3' --with-bugurl=file:///usr/share/doc/gcc-4.8/README.Bugs --enable-languages=c,c++,java,go,d,fortran,objc,obj-c++ --prefix=/usr --program-suffix=-4.8 --enable-shared --enable-linker-build-id --libexecdir=/usr/lib --without-included-gettext --enable-threads=posix --with-gxx-include-dir=/usr/include/c++/4.8 --libdir=/usr/lib --enable-nls --with-sysroot=/ --enable-clocale=gnu --enable-libstdcxx-debug --enable-libstdcxx-time=yes --enable-gnu-unique-object --disable-libmudflap --enable-plugin --with-system-zlib --disable-browser-plugin --enable-java-awt=gtk --enable-gtk-cairo --with-java-home=/usr/lib/jvm/java-1.5.0-gcj-4.8-amd64/jre --enable-java-home --with-jvm-root-dir=/usr/lib/jvm/java-1.5.0-gcj-4.8-amd64 --with-jvm-jar-dir=/usr/lib/jvm-exports/java-1.5.0-gcj-4.8-amd64 --with-arch-directory=amd64 --with-ecj-jar=/usr/share/java/eclipse-ecj.jar --enable-objc-gc --enable-multiarch --disable-werror --with-arch-32=i686 --with-abi=m64 --with-multilib-list=m32,m64,mx32 --with-tune=generic --enable-checking=release --build=x86_64-linux-gnu --host=x86_64-linux-gnu --target=x86_64-linux-gnu
Thread model: posix
gcc version 4.8.4 (Ubuntu 4.8.4-2ubuntu1~14.04.3) 
COMPILER_PATH=/usr/lib/gcc/x86_64-linux-gnu/4.8/:/usr/lib/gcc/x86_64-linux-gnu/4.8/:/usr/lib/gcc/x86_64-linux-gnu/:/usr/lib/gcc/x86_64-linux-gnu/4.8/:/usr/lib/gcc/x86_64-linux-gnu/
LIBRARY_PATH=/usr/lib/gcc/x86_64-linux-gnu/4.8/:/usr/lib/gcc/x86_64-linux-gnu/4.8/../../../x86_64-linux-gnu/:/usr/lib/gcc/x86_64-linux-gnu/4.8/../../../../lib/:/lib/x86_64-linux-gnu/:/lib/../lib/:/usr/lib/x86_64-linux-gnu/:/usr/lib/../lib/:/usr/lib/gcc/x86_64-linux-gnu/4.8/../../../:/lib/:/usr/lib/
COLLECT_GCC_OPTIONS='-v' '-o' 'cmTryCompileExec1771847522' '-rdynamic' '-mtune=generic' '-march=x86-64'
 /usr/lib/gcc/x86_64-linux-gnu/4.8/collect2 --sysroot=/ --build-id --eh-frame-hdr -m elf_x86_64 --hash-style=gnu --as-needed -export-dynamic -dynamic-linker /lib64/ld-linux-x86-64.so.2 -z relro -o cmTryCompileExec1771847522 /usr/lib/gcc/x86_64-linux-gnu/4.8/../../../x86_64-linux-gnu/crt1.o /usr/lib/gcc/x86_64-linux-gnu/4.8/../../../x86_64-linux-gnu/crti.o /usr/lib/gcc/x86_64-linux-gnu/4.8/crtbegin.o -L/usr/lib/gcc/x86_64-linux-gnu/4.8 -L/usr/lib/gcc/x86_64-linux-gnu/4.8/../../../x86_64-linux-gnu -L/usr/lib/gcc/x86_64-linux-gnu/4.8/../../../../lib -L/lib/x86_64-linux-gnu -L/lib/../lib -L/usr/lib/x86_64-linux-gnu -L/usr/lib/../lib -L/usr/lib/gcc/x86_64-linux-gnu/4.8/../../.. CMakeFiles/cmTryCompileExec1771847522.dir/CMakeCCompilerABI.c.o -lgcc --as-needed -lgcc_s --no-as-needed -lc -lgcc --as-needed -lgcc_s --no-as-needed /usr/lib/gcc/x86_64-linux-gnu/4.8/crtend.o /usr/lib/gcc/x86_64-linux-gnu/4.8/../../../x86_64-linux-gnu/crtn.o
make[2]: Leaving directory `/home/hady/rosbuild_ws/package_dir/lsd_slam/lsd_slam_core/build/CMakeFiles/CMakeTmp'
make[1]: Leaving directory `/home/hady/rosbuild_ws/package_dir/lsd_slam/lsd_slam_core/build/CMakeFiles/CMakeTmp'


Parsed C implicit link information from above output:
  link line regex: [^( *|.*[/\])(ld|([^/\]+-)?ld|collect2)[^/\]*( |$)]
  ignore line: [Change Dir: /home/hady/rosbuild_ws/package_dir/lsd_slam/lsd_slam_core/build/CMakeFiles/CMakeTmp]
  ignore line: []
  ignore line: [Run Build Command:/usr/bin/make "cmTryCompileExec1771847522/fast"]
  ignore line: [make[1]: Entering directory `/home/hady/rosbuild_ws/package_dir/lsd_slam/lsd_slam_core/build/CMakeFiles/CMakeTmp']
  ignore line: [/usr/bin/make -f CMakeFiles/cmTryCompileExec1771847522.dir/build.make CMakeFiles/cmTryCompileExec1771847522.dir/build]
  ignore line: [make[2]: Entering directory `/home/hady/rosbuild_ws/package_dir/lsd_slam/lsd_slam_core/build/CMakeFiles/CMakeTmp']
  ignore line: [/usr/bin/cmake -E cmake_progress_report /home/hady/rosbuild_ws/package_dir/lsd_slam/lsd_slam_core/build/CMakeFiles/CMakeTmp/CMakeFiles 1]
  ignore line: [Building C object CMakeFiles/cmTryCompileExec1771847522.dir/CMakeCCompilerABI.c.o]
  ignore line: [/usr/bin/cc    -o CMakeFiles/cmTryCompileExec1771847522.dir/CMakeCCompilerABI.c.o   -c /usr/share/cmake-2.8/Modules/CMakeCCompilerABI.c]
  ignore line: [Linking C executable cmTryCompileExec1771847522]
  ignore line: [/usr/bin/cmake -E cmake_link_script CMakeFiles/cmTryCompileExec1771847522.dir/link.txt --verbose=1]
  ignore line: [/usr/bin/cc     -v CMakeFiles/cmTryCompileExec1771847522.dir/CMakeCCompilerABI.c.o  -o cmTryCompileExec1771847522 -rdynamic  ]
  ignore line: [Using built-in specs.]
  ignore line: [COLLECT_GCC=/usr/bin/cc]
  ignore line: [COLLECT_LTO_WRAPPER=/usr/lib/gcc/x86_64-linux-gnu/4.8/lto-wrapper]
  ignore line: [Target: x86_64-linux-gnu]
  ignore line: [Configured with: ../src/configure -v --with-pkgversion='Ubuntu 4.8.4-2ubuntu1~14.04.3' --with-bugurl=file:///usr/share/doc/gcc-4.8/README.Bugs --enable-languages=c,c++,java,go,d,fortran,objc,obj-c++ --prefix=/usr --program-suffix=-4.8 --enable-shared --enable-linker-build-id --libexecdir=/usr/lib --without-included-gettext --enable-threads=posix --with-gxx-include-dir=/usr/include/c++/4.8 --libdir=/usr/lib --enable-nls --with-sysroot=/ --enable-clocale=gnu --enable-libstdcxx-debug --enable-libstdcxx-time=yes --enable-gnu-unique-object --disable-libmudflap --enable-plugin --with-system-zlib --disable-browser-plugin --enable-java-awt=gtk --enable-gtk-cairo --with-java-home=/usr/lib/jvm/java-1.5.0-gcj-4.8-amd64/jre --enable-java-home --with-jvm-root-dir=/usr/lib/jvm/java-1.5.0-gcj-4.8-amd64 --with-jvm-jar-dir=/usr/lib/jvm-exports/java-1.5.0-gcj-4.8-amd64 --with-arch-directory=amd64 --with-ecj-jar=/usr/share/java/eclipse-ecj.jar --enable-objc-gc --enable-multiarch --disable-werror --with-arch-32=i686 --with-abi=m64 --with-multilib-list=m32,m64,mx32 --with-tune=generic --enable-checking=release --build=x86_64-linux-gnu --host=x86_64-linux-gnu --target=x86_64-linux-gnu]
  ignore line: [Thread model: posix]
  ignore line: [gcc version 4.8.4 (Ubuntu 4.8.4-2ubuntu1~14.04.3) ]
  ignore line: [COMPILER_PATH=/usr/lib/gcc/x86_64-linux-gnu/4.8/:/usr/lib/gcc/x86_64-linux-gnu/4.8/:/usr/lib/gcc/x86_64-linux-gnu/:/usr/lib/gcc/x86_64-linux-gnu/4.8/:/usr/lib/gcc/x86_64-linux-gnu/]
  ignore line: [LIBRARY_PATH=/usr/lib/gcc/x86_64-linux-gnu/4.8/:/usr/lib/gcc/x86_64-linux-gnu/4.8/../../../x86_64-linux-gnu/:/usr/lib/gcc/x86_64-linux-gnu/4.8/../../../../lib/:/lib/x86_64-linux-gnu/:/lib/../lib/:/usr/lib/x86_64-linux-gnu/:/usr/lib/../lib/:/usr/lib/gcc/x86_64-linux-gnu/4.8/../../../:/lib/:/usr/lib/]
  ignore line: [COLLECT_GCC_OPTIONS='-v' '-o' 'cmTryCompileExec1771847522' '-rdynamic' '-mtune=generic' '-march=x86-64']
  link line: [ /usr/lib/gcc/x86_64-linux-gnu/4.8/collect2 --sysroot=/ --build-id --eh-frame-hdr -m elf_x86_64 --hash-style=gnu --as-needed -export-dynamic -dynamic-linker /lib64/ld-linux-x86-64.so.2 -z relro -o cmTryCompileExec1771847522 /usr/lib/gcc/x86_64-linux-gnu/4.8/../../../x86_64-linux-gnu/crt1.o /usr/lib/gcc/x86_64-linux-gnu/4.8/../../../x86_64-linux-gnu/crti.o /usr/lib/gcc/x86_64-linux-gnu/4.8/crtbegin.o -L/usr/lib/gcc/x86_64-linux-gnu/4.8 -L/usr/lib/gcc/x86_64-linux-gnu/4.8/../../../x86_64-linux-gnu -L/usr/lib/gcc/x86_64-linux-gnu/4.8/../../../../lib -L/lib/x86_64-linux-gnu -L/lib/../lib -L/usr/lib/x86_64-linux-gnu -L/usr/lib/../lib -L/usr/lib/gcc/x86_64-linux-gnu/4.8/../../.. CMakeFiles/cmTryCompileExec1771847522.dir/CMakeCCompilerABI.c.o -lgcc --as-needed -lgcc_s --no-as-needed -lc -lgcc --as-needed -lgcc_s --no-as-needed /usr/lib/gcc/x86_64-linux-gnu/4.8/crtend.o /usr/lib/gcc/x86_64-linux-gnu/4.8/../../../x86_64-linux-gnu/crtn.o]
    arg [/usr/lib/gcc/x86_64-linux-gnu/4.8/collect2] ==> ignore
    arg [--sysroot=/] ==> ignore
    arg [--build-id] ==> ignore
    arg [--eh-frame-hdr] ==> ignore
    arg [-m] ==> ignore
    arg [elf_x86_64] ==> ignore
    arg [--hash-style=gnu] ==> ignore
    arg [--as-needed] ==> ignore
    arg [-export-dynamic] ==> ignore
    arg [-dynamic-linker] ==> ignore
    arg [/lib64/ld-linux-x86-64.so.2] ==> ignore
    arg [-zrelro] ==> ignore
    arg [-o] ==> ignore
    arg [cmTryCompileExec1771847522] ==> ignore
    arg [/usr/lib/gcc/x86_64-linux-gnu/4.8/../../../x86_64-linux-gnu/crt1.o] ==> ignore
    arg [/usr/lib/gcc/x86_64-linux-gnu/4.8/../../../x86_64-linux-gnu/crti.o] ==> ignore
    arg [/usr/lib/gcc/x86_64-linux-gnu/4.8/crtbegin.o] ==> ignore
    arg [-L/usr/lib/gcc/x86_64-linux-gnu/4.8] ==> dir [/usr/lib/gcc/x86_64-linux-gnu/4.8]
    arg [-L/usr/lib/gcc/x86_64-linux-gnu/4.8/../../../x86_64-linux-gnu] ==> dir [/usr/lib/gcc/x86_64-linux-gnu/4.8/../../../x86_64-linux-gnu]
    arg [-L/usr/lib/gcc/x86_64-linux-gnu/4.8/../../../../lib] ==> dir [/usr/lib/gcc/x86_64-linux-gnu/4.8/../../../../lib]
    arg [-L/lib/x86_64-linux-gnu] ==> dir [/lib/x86_64-linux-gnu]
    arg [-L/lib/../lib] ==> dir [/lib/../lib]
    arg [-L/usr/lib/x86_64-linux-gnu] ==> dir [/usr/lib/x86_64-linux-gnu]
    arg [-L/usr/lib/../lib] ==> dir [/usr/lib/../lib]
    arg [-L/usr/lib/gcc/x86_64-linux-gnu/4.8/../../..] ==> dir [/usr/lib/gcc/x86_64-linux-gnu/4.8/../../..]
    arg [CMakeFiles/cmTryCompileExec1771847522.dir/CMakeCCompilerABI.c.o] ==> ignore
    arg [-lgcc] ==> lib [gcc]
    arg [--as-needed] ==> ignore
    arg [-lgcc_s] ==> lib [gcc_s]
    arg [--no-as-needed] ==> ignore
    arg [-lc] ==> lib [c]
    arg [-lgcc] ==> lib [gcc]
    arg [--as-needed] ==> ignore
    arg [-lgcc_s] ==> lib [gcc_s]
    arg [--no-as-needed] ==> ignore
    arg [/usr/lib/gcc/x86_64-linux-gnu/4.8/crtend.o] ==> ignore
    arg [/usr/lib/gcc/x86_64-linux-gnu/4.8/../../../x86_64-linux-gnu/crtn.o] ==> ignore
  remove lib [gcc]
  remove lib [gcc_s]
  remove lib [gcc]
  remove lib [gcc_s]
  collapse library dir [/usr/lib/gcc/x86_64-linux-gnu/4.8] ==> [/usr/lib/gcc/x86_64-linux-gnu/4.8]
  collapse library dir [/usr/lib/gcc/x86_64-linux-gnu/4.8/../../../x86_64-linux-gnu] ==> [/usr/lib/x86_64-linux-gnu]
  collapse library dir [/usr/lib/gcc/x86_64-linux-gnu/4.8/../../../../lib] ==> [/usr/lib]
  collapse library dir [/lib/x86_64-linux-gnu] ==> [/lib/x86_64-linux-gnu]
  collapse library dir [/lib/../lib] ==> [/lib]
  collapse library dir [/usr/lib/x86_64-linux-gnu] ==> [/usr/lib/x86_64-linux-gnu]
  collapse library dir [/usr/lib/../lib] ==> [/usr/lib]
  collapse library dir [/usr/lib/gcc/x86_64-linux-gnu/4.8/../../..] ==> [/usr/lib]
  implicit libs: [c]
  implicit dirs: [/usr/lib/gcc/x86_64-linux-gnu/4.8;/usr/lib/x86_64-linux-gnu;/usr/lib;/lib/x86_64-linux-gnu;/lib]
  implicit fwks: []


Determining if the CXX compiler works passed with the following output:
Change Dir: /home/hady/rosbuild_ws/package_dir/lsd_slam/lsd_slam_core/build/CMakeFiles/CMakeTmp

Run Build Command:/usr/bin/make "cmTryCompileExec3201654828/fast"
make[1]: Entering directory `/home/hady/rosbuild_ws/package_dir/lsd_slam/lsd_slam_core/build/CMakeFiles/CMakeTmp'
/usr/bin/make -f CMakeFiles/cmTryCompileExec3201654828.dir/build.make CMakeFiles/cmTryCompileExec3201654828.dir/build
make[2]: Entering directory `/home/hady/rosbuild_ws/package_dir/lsd_slam/lsd_slam_core/build/CMakeFiles/CMakeTmp'
/usr/bin/cmake -E cmake_progress_report /home/hady/rosbuild_ws/package_dir/lsd_slam/lsd_slam_core/build/CMakeFiles/CMakeTmp/CMakeFiles 1
Building CXX object CMakeFiles/cmTryCompileExec3201654828.dir/testCXXCompiler.cxx.o
/usr/bin/c++     -o CMakeFiles/cmTryCompileExec3201654828.dir/testCXXCompiler.cxx.o -c /home/hady/rosbuild_ws/package_dir/lsd_slam/lsd_slam_core/build/CMakeFiles/CMakeTmp/testCXXCompiler.cxx
Linking CXX executable cmTryCompileExec3201654828
/usr/bin/cmake -E cmake_link_script CMakeFiles/cmTryCompileExec3201654828.dir/link.txt --verbose=1
/usr/bin/c++        CMakeFiles/cmTryCompileExec3201654828.dir/testCXXCompiler.cxx.o  -o cmTryCompileExec3201654828 -rdynamic 
make[2]: Leaving directory `/home/hady/rosbuild_ws/package_dir/lsd_slam/lsd_slam_core/build/CMakeFiles/CMakeTmp'
make[1]: Leaving directory `/home/hady/rosbuild_ws/package_dir/lsd_slam/lsd_slam_core/build/CMakeFiles/CMakeTmp'


Detecting CXX compiler ABI info compiled with the following output:
Change Dir: /home/hady/rosbuild_ws/package_dir/lsd_slam/lsd_slam_core/build/CMakeFiles/CMakeTmp

Run Build Command:/usr/bin/make "cmTryCompileExec1524364604/fast"
make[1]: Entering directory `/home/hady/rosbuild_ws/package_dir/lsd_slam/lsd_slam_core/build/CMakeFiles/CMakeTmp'
/usr/bin/make -f CMakeFiles/cmTryCompileExec1524364604.dir/build.make CMakeFiles/cmTryCompileExec1524364604.dir/build
make[2]: Entering directory `/home/hady/rosbuild_ws/package_dir/lsd_slam/lsd_slam_core/build/CMakeFiles/CMakeTmp'
/usr/bin/cmake -E cmake_progress_report /home/hady/rosbuild_ws/package_dir/lsd_slam/lsd_slam_core/build/CMakeFiles/CMakeTmp/CMakeFiles 1
Building CXX object CMakeFiles/cmTryCompileExec1524364604.dir/CMakeCXXCompilerABI.cpp.o
/usr/bin/c++     -o CMakeFiles/cmTryCompileExec1524364604.dir/CMakeCXXCompilerABI.cpp.o -c /usr/share/cmake-2.8/Modules/CMakeCXXCompilerABI.cpp
Linking CXX executable cmTryCompileExec1524364604
/usr/bin/cmake -E cmake_link_script CMakeFiles/cmTryCompileExec1524364604.dir/link.txt --verbose=1
/usr/bin/c++      -v CMakeFiles/cmTryCompileExec1524364604.dir/CMakeCXXCompilerABI.cpp.o  -o cmTryCompileExec1524364604 -rdynamic  
Using built-in specs.
COLLECT_GCC=/usr/bin/c++
COLLECT_LTO_WRAPPER=/usr/lib/gcc/x86_64-linux-gnu/4.8/lto-wrapper
Target: x86_64-linux-gnu
Configured with: ../src/configure -v --with-pkgversion='Ubuntu 4.8.4-2ubuntu1~14.04.3' --with-bugurl=file:///usr/share/doc/gcc-4.8/README.Bugs --enable-languages=c,c++,java,go,d,fortran,objc,obj-c++ --prefix=/usr --program-suffix=-4.8 --enable-shared --enable-linker-build-id --libexecdir=/usr/lib --without-included-gettext --enable-threads=posix --with-gxx-include-dir=/usr/include/c++/4.8 --libdir=/usr/lib --enable-nls --with-sysroot=/ --enable-clocale=gnu --enable-libstdcxx-debug --enable-libstdcxx-time=yes --enable-gnu-unique-object --disable-libmudflap --enable-plugin --with-system-zlib --disable-browser-plugin --enable-java-awt=gtk --enable-gtk-cairo --with-java-home=/usr/lib/jvm/java-1.5.0-gcj-4.8-amd64/jre --enable-java-home --with-jvm-root-dir=/usr/lib/jvm/java-1.5.0-gcj-4.8-amd64 --with-jvm-jar-dir=/usr/lib/jvm-exports/java-1.5.0-gcj-4.8-amd64 --with-arch-directory=amd64 --with-ecj-jar=/usr/share/java/eclipse-ecj.jar --enable-objc-gc --enable-multiarch --disable-werror --with-arch-32=i686 --with-abi=m64 --with-multilib-list=m32,m64,mx32 --with-tune=generic --enable-checking=release --build=x86_64-linux-gnu --host=x86_64-linux-gnu --target=x86_64-linux-gnu
Thread model: posix
gcc version 4.8.4 (Ubuntu 4.8.4-2ubuntu1~14.04.3) 
COMPILER_PATH=/usr/lib/gcc/x86_64-linux-gnu/4.8/:/usr/lib/gcc/x86_64-linux-gnu/4.8/:/usr/lib/gcc/x86_64-linux-gnu/:/usr/lib/gcc/x86_64-linux-gnu/4.8/:/usr/lib/gcc/x86_64-linux-gnu/
LIBRARY_PATH=/usr/lib/gcc/x86_64-linux-gnu/4.8/:/usr/lib/gcc/x86_64-linux-gnu/4.8/../../../x86_64-linux-gnu/:/usr/lib/gcc/x86_64-linux-gnu/4.8/../../../../lib/:/lib/x86_64-linux-gnu/:/lib/../lib/:/usr/lib/x86_64-linux-gnu/:/usr/lib/../lib/:/usr/lib/gcc/x86_64-linux-gnu/4.8/../../../:/lib/:/usr/lib/
COLLECT_GCC_OPTIONS='-v' '-o' 'cmTryCompileExec1524364604' '-rdynamic' '-shared-libgcc' '-mtune=generic' '-march=x86-64'
 /usr/lib/gcc/x86_64-linux-gnu/4.8/collect2 --sysroot=/ --build-id --eh-frame-hdr -m elf_x86_64 --hash-style=gnu --as-needed -export-dynamic -dynamic-linker /lib64/ld-linux-x86-64.so.2 -z relro -o cmTryCompileExec1524364604 /usr/lib/gcc/x86_64-linux-gnu/4.8/../../../x86_64-linux-gnu/crt1.o /usr/lib/gcc/x86_64-linux-gnu/4.8/../../../x86_64-linux-gnu/crti.o /usr/lib/gcc/x86_64-linux-gnu/4.8/crtbegin.o -L/usr/lib/gcc/x86_64-linux-gnu/4.8 -L/usr/lib/gcc/x86_64-linux-gnu/4.8/../../../x86_64-linux-gnu -L/usr/lib/gcc/x86_64-linux-gnu/4.8/../../../../lib -L/lib/x86_64-linux-gnu -L/lib/../lib -L/usr/lib/x86_64-linux-gnu -L/usr/lib/../lib -L/usr/lib/gcc/x86_64-linux-gnu/4.8/../../.. CMakeFiles/cmTryCompileExec1524364604.dir/CMakeCXXCompilerABI.cpp.o -lstdc++ -lm -lgcc_s -lgcc -lc -lgcc_s -lgcc /usr/lib/gcc/x86_64-linux-gnu/4.8/crtend.o /usr/lib/gcc/x86_64-linux-gnu/4.8/../../../x86_64-linux-gnu/crtn.o
make[2]: Leaving directory `/home/hady/rosbuild_ws/package_dir/lsd_slam/lsd_slam_core/build/CMakeFiles/CMakeTmp'
make[1]: Leaving directory `/home/hady/rosbuild_ws/package_dir/lsd_slam/lsd_slam_core/build/CMakeFiles/CMakeTmp'


Parsed CXX implicit link information from above output:
  link line regex: [^( *|.*[/\])(ld|([^/\]+-)?ld|collect2)[^/\]*( |$)]
  ignore line: [Change Dir: /home/hady/rosbuild_ws/package_dir/lsd_slam/lsd_slam_core/build/CMakeFiles/CMakeTmp]
  ignore line: []
  ignore line: [Run Build Command:/usr/bin/make "cmTryCompileExec1524364604/fast"]
  ignore line: [make[1]: Entering directory `/home/hady/rosbuild_ws/package_dir/lsd_slam/lsd_slam_core/build/CMakeFiles/CMakeTmp']
  ignore line: [/usr/bin/make -f CMakeFiles/cmTryCompileExec1524364604.dir/build.make CMakeFiles/cmTryCompileExec1524364604.dir/build]
  ignore line: [make[2]: Entering directory `/home/hady/rosbuild_ws/package_dir/lsd_slam/lsd_slam_core/build/CMakeFiles/CMakeTmp']
  ignore line: [/usr/bin/cmake -E cmake_progress_report /home/hady/rosbuild_ws/package_dir/lsd_slam/lsd_slam_core/build/CMakeFiles/CMakeTmp/CMakeFiles 1]
  ignore line: [Building CXX object CMakeFiles/cmTryCompileExec1524364604.dir/CMakeCXXCompilerABI.cpp.o]
  ignore line: [/usr/bin/c++     -o CMakeFiles/cmTryCompileExec1524364604.dir/CMakeCXXCompilerABI.cpp.o -c /usr/share/cmake-2.8/Modules/CMakeCXXCompilerABI.cpp]
  ignore line: [Linking CXX executable cmTryCompileExec1524364604]
  ignore line: [/usr/bin/cmake -E cmake_link_script CMakeFiles/cmTryCompileExec1524364604.dir/link.txt --verbose=1]
  ignore line: [/usr/bin/c++      -v CMakeFiles/cmTryCompileExec1524364604.dir/CMakeCXXCompilerABI.cpp.o  -o cmTryCompileExec1524364604 -rdynamic  ]
  ignore line: [Using built-in specs.]
  ignore line: [COLLECT_GCC=/usr/bin/c++]
  ignore line: [COLLECT_LTO_WRAPPER=/usr/lib/gcc/x86_64-linux-gnu/4.8/lto-wrapper]
  ignore line: [Target: x86_64-linux-gnu]
  ignore line: [Configured with: ../src/configure -v --with-pkgversion='Ubuntu 4.8.4-2ubuntu1~14.04.3' --with-bugurl=file:///usr/share/doc/gcc-4.8/README.Bugs --enable-languages=c,c++,java,go,d,fortran,objc,obj-c++ --prefix=/usr --program-suffix=-4.8 --enable-shared --enable-linker-build-id --libexecdir=/usr/lib --without-included-gettext --enable-threads=posix --with-gxx-include-dir=/usr/include/c++/4.8 --libdir=/usr/lib --enable-nls --with-sysroot=/ --enable-clocale=gnu --enable-libstdcxx-debug --enable-libstdcxx-time=yes --enable-gnu-unique-object --disable-libmudflap --enable-plugin --with-system-zlib --disable-browser-plugin --enable-java-awt=gtk --enable-gtk-cairo --with-java-home=/usr/lib/jvm/java-1.5.0-gcj-4.8-amd64/jre --enable-java-home --with-jvm-root-dir=/usr/lib/jvm/java-1.5.0-gcj-4.8-amd64 --with-jvm-jar-dir=/usr/lib/jvm-exports/java-1.5.0-gcj-4.8-amd64 --with-arch-directory=amd64 --with-ecj-jar=/usr/share/java/eclipse-ecj.jar --enable-objc-gc --enable-multiarch --disable-werror --with-arch-32=i686 --with-abi=m64 --with-multilib-list=m32,m64,mx32 --with-tune=generic --enable-checking=release --build=x86_64-linux-gnu --host=x86_64-linux-gnu --target=x86_64-linux-gnu]
  ignore line: [Thread model: posix]
  ignore line: [gcc version 4.8.4 (Ubuntu 4.8.4-2ubuntu1~14.04.3) ]
  ignore line: [COMPILER_PATH=/usr/lib/gcc/x86_64-linux-gnu/4.8/:/usr/lib/gcc/x86_64-linux-gnu/4.8/:/usr/lib/gcc/x86_64-linux-gnu/:/usr/lib/gcc/x86_64-linux-gnu/4.8/:/usr/lib/gcc/x86_64-linux-gnu/]
  ignore line: [LIBRARY_PATH=/usr/lib/gcc/x86_64-linux-gnu/4.8/:/usr/lib/gcc/x86_64-linux-gnu/4.8/../../../x86_64-linux-gnu/:/usr/lib/gcc/x86_64-linux-gnu/4.8/../../../../lib/:/lib/x86_64-linux-gnu/:/lib/../lib/:/usr/lib/x86_64-linux-gnu/:/usr/lib/../lib/:/usr/lib/gcc/x86_64-linux-gnu/4.8/../../../:/lib/:/usr/lib/]
  ignore line: [COLLECT_GCC_OPTIONS='-v' '-o' 'cmTryCompileExec1524364604' '-rdynamic' '-shared-libgcc' '-mtune=generic' '-march=x86-64']
  link line: [ /usr/lib/gcc/x86_64-linux-gnu/4.8/collect2 --sysroot=/ --build-id --eh-frame-hdr -m elf_x86_64 --hash-style=gnu --as-needed -export-dynamic -dynamic-linker /lib64/ld-linux-x86-64.so.2 -z relro -o cmTryCompileExec1524364604 /usr/lib/gcc/x86_64-linux-gnu/4.8/../../../x86_64-linux-gnu/crt1.o /usr/lib/gcc/x86_64-linux-gnu/4.8/../../../x86_64-linux-gnu/crti.o /usr/lib/gcc/x86_64-linux-gnu/4.8/crtbegin.o -L/usr/lib/gcc/x86_64-linux-gnu/4.8 -L/usr/lib/gcc/x86_64-linux-gnu/4.8/../../../x86_64-linux-gnu -L/usr/lib/gcc/x86_64-linux-gnu/4.8/../../../../lib -L/lib/x86_64-linux-gnu -L/lib/../lib -L/usr/lib/x86_64-linux-gnu -L/usr/lib/../lib -L/usr/lib/gcc/x86_64-linux-gnu/4.8/../../.. CMakeFiles/cmTryCompileExec1524364604.dir/CMakeCXXCompilerABI.cpp.o -lstdc++ -lm -lgcc_s -lgcc -lc -lgcc_s -lgcc /usr/lib/gcc/x86_64-linux-gnu/4.8/crtend.o /usr/lib/gcc/x86_64-linux-gnu/4.8/../../../x86_64-linux-gnu/crtn.o]
    arg [/usr/lib/gcc/x86_64-linux-gnu/4.8/collect2] ==> ignore
    arg [--sysroot=/] ==> ignore
    arg [--build-id] ==> ignore
    arg [--eh-frame-hdr] ==> ignore
    arg [-m] ==> ignore
    arg [elf_x86_64] ==> ignore
    arg [--hash-style=gnu] ==> ignore
    arg [--as-needed] ==> ignore
    arg [-export-dynamic] ==> ignore
    arg [-dynamic-linker] ==> ignore
    arg [/lib64/ld-linux-x86-64.so.2] ==> ignore
    arg [-zrelro] ==> ignore
    arg [-o] ==> ignore
    arg [cmTryCompileExec1524364604] ==> ignore
    arg [/usr/lib/gcc/x86_64-linux-gnu/4.8/../../../x86_64-linux-gnu/crt1.o] ==> ignore
    arg [/usr/lib/gcc/x86_64-linux-gnu/4.8/../../../x86_64-linux-gnu/crti.o] ==> ignore
    arg [/usr/lib/gcc/x86_64-linux-gnu/4.8/crtbegin.o] ==> ignore
    arg [-L/usr/lib/gcc/x86_64-linux-gnu/4.8] ==> dir [/usr/lib/gcc/x86_64-linux-gnu/4.8]
    arg [-L/usr/lib/gcc/x86_64-linux-gnu/4.8/../../../x86_64-linux-gnu] ==> dir [/usr/lib/gcc/x86_64-linux-gnu/4.8/../../../x86_64-linux-gnu]
    arg [-L/usr/lib/gcc/x86_64-linux-gnu/4.8/../../../../lib] ==> dir [/usr/lib/gcc/x86_64-linux-gnu/4.8/../../../../lib]
    arg [-L/lib/x86_64-linux-gnu] ==> dir [/lib/x86_64-linux-gnu]
    arg [-L/lib/../lib] ==> dir [/lib/../lib]
    arg [-L/usr/lib/x86_64-linux-gnu] ==> dir [/usr/lib/x86_64-linux-gnu]
    arg [-L/usr/lib/../lib] ==> dir [/usr/lib/../lib]
    arg [-L/usr/lib/gcc/x86_64-linux-gnu/4.8/../../..] ==> dir [/usr/lib/gcc/x86_64-linux-gnu/4.8/../../..]
    arg [CMakeFiles/cmTryCompileExec1524364604.dir/CMakeCXXCompilerABI.cpp.o] ==> ignore
    arg [-lstdc++] ==> lib [stdc++]
    arg [-lm] ==> lib [m]
    arg [-lgcc_s] ==> lib [gcc_s]
    arg [-lgcc] ==> lib [gcc]
    arg [-lc] ==> lib [c]
    arg [-lgcc_s] ==> lib [gcc_s]
    arg [-lgcc] ==> lib [gcc]
    arg [/usr/lib/gcc/x86_64-linux-gnu/4.8/crtend.o] ==> ignore
    arg [/usr/lib/gcc/x86_64-linux-gnu/4.8/../../../x86_64-linux-gnu/crtn.o] ==> ignore
  remove lib [gcc_s]
  remove lib [gcc]
  remove lib [gcc_s]
  remove lib [gcc]
  collapse library dir [/usr/lib/gcc/x86_64-linux-gnu/4.8] ==> [/usr/lib/gcc/x86_64-linux-gnu/4.8]
  collapse library dir [/usr/lib/gcc/x86_64-linux-gnu/4.8/../../../x86_64-linux-gnu] ==> [/usr/lib/x86_64-linux-gnu]
  collapse library dir [/usr/lib/gcc/x86_64-linux-gnu/4.8/../../../../lib] ==> [/usr/lib]
  collapse library dir [/lib/x86_64-linux-gnu] ==> [/lib/x86_64-linux-gnu]
  collapse library dir [/lib/../lib] ==> [/lib]
  collapse library dir [/usr/lib/x86_64-linux-gnu] ==> [/usr/lib/x86_64-linux-gnu]
  collapse library dir [/usr/lib/../lib] ==> [/usr/lib]
  collapse library dir [/usr/lib/gcc/x86_64-linux-gnu/4.8/../../..] ==> [/usr/lib]
  implicit libs: [stdc++;m;c]
  implicit dirs: [/usr/lib/gcc/x86_64-linux-gnu/4.8;/usr/lib/x86_64-linux-gnu;/usr/lib;/lib/x86_64-linux-gnu;/lib]
  implicit fwks: []


Determining if files pthread.h exist passed with the following output:
Change Dir: /home/hady/rosbuild_ws/package_dir/lsd_slam/lsd_slam_core/build/CMakeFiles/CMakeTmp

Run Build Command:/usr/bin/make "cmTryCompileExec1970830509/fast"
make[1]: Entering directory `/home/hady/rosbuild_ws/package_dir/lsd_slam/lsd_slam_core/build/CMakeFiles/CMakeTmp'
/usr/bin/make -f CMakeFiles/cmTryCompileExec1970830509.dir/build.make CMakeFiles/cmTryCompileExec1970830509.dir/build
make[2]: Entering directory `/home/hady/rosbuild_ws/package_dir/lsd_slam/lsd_slam_core/build/CMakeFiles/CMakeTmp'
/usr/bin/cmake -E cmake_progress_report /home/hady/rosbuild_ws/package_dir/lsd_slam/lsd_slam_core/build/CMakeFiles/CMakeTmp/CMakeFiles 1
Building C object CMakeFiles/cmTryCompileExec1970830509.dir/CheckIncludeFiles.c.o
/usr/bin/cc    -o CMakeFiles/cmTryCompileExec1970830509.dir/CheckIncludeFiles.c.o   -c /home/hady/rosbuild_ws/package_dir/lsd_slam/lsd_slam_core/build/CMakeFiles/CMakeTmp/CheckIncludeFiles.c
Linking C executable cmTryCompileExec1970830509
/usr/bin/cmake -E cmake_link_script CMakeFiles/cmTryCompileExec1970830509.dir/link.txt --verbose=1
/usr/bin/cc       CMakeFiles/cmTryCompileExec1970830509.dir/CheckIncludeFiles.c.o  -o cmTryCompileExec1970830509 -rdynamic 
make[2]: Leaving directory `/home/hady/rosbuild_ws/package_dir/lsd_slam/lsd_slam_core/build/CMakeFiles/CMakeTmp'
make[1]: Leaving directory `/home/hady/rosbuild_ws/package_dir/lsd_slam/lsd_slam_core/build/CMakeFiles/CMakeTmp'


Determining if the function pthread_create exists in the pthread passed with the following output:
Change Dir: /home/hady/rosbuild_ws/package_dir/lsd_slam/lsd_slam_core/build/CMakeFiles/CMakeTmp

Run Build Command:/usr/bin/make "cmTryCompileExec3226484839/fast"
make[1]: Entering directory `/home/hady/rosbuild_ws/package_dir/lsd_slam/lsd_slam_core/build/CMakeFiles/CMakeTmp'
/usr/bin/make -f CMakeFiles/cmTryCompileExec3226484839.dir/build.make CMakeFiles/cmTryCompileExec3226484839.dir/build
make[2]: Entering directory `/home/hady/rosbuild_ws/package_dir/lsd_slam/lsd_slam_core/build/CMakeFiles/CMakeTmp'
/usr/bin/cmake -E cmake_progress_report /home/hady/rosbuild_ws/package_dir/lsd_slam/lsd_slam_core/build/CMakeFiles/CMakeTmp/CMakeFiles 1
Building C object CMakeFiles/cmTryCompileExec3226484839.dir/CheckFunctionExists.c.o
/usr/bin/cc   -DCHECK_FUNCTION_EXISTS=pthread_create   -o CMakeFiles/cmTryCompileExec3226484839.dir/CheckFunctionExists.c.o   -c /usr/share/cmake-2.8/Modules/CheckFunctionExists.c
Linking C executable cmTryCompileExec3226484839
/usr/bin/cmake -E cmake_link_script CMakeFiles/cmTryCompileExec3226484839.dir/link.txt --verbose=1
/usr/bin/cc   -DCHECK_FUNCTION_EXISTS=pthread_create    CMakeFiles/cmTryCompileExec3226484839.dir/CheckFunctionExists.c.o  -o cmTryCompileExec3226484839 -rdynamic -lpthread 
make[2]: Leaving directory `/home/hady/rosbuild_ws/package_dir/lsd_slam/lsd_slam_core/build/CMakeFiles/CMakeTmp'
make[1]: Leaving directory `/home/hady/rosbuild_ws/package_dir/lsd_slam/lsd_slam_core/build/CMakeFiles/CMakeTmp'


Determining if the function XOpenDisplay exists in the /usr/lib/x86_64-linux-gnu/libX11.so;/usr/lib/x86_64-linux-gnu/libXext.so passed with the following output:
Change Dir: /home/hady/rosbuild_ws/package_dir/lsd_slam/lsd_slam_core/build/CMakeFiles/CMakeTmp

Run Build Command:/usr/bin/make "cmTryCompileExec1352904055/fast"
make[1]: Entering directory `/home/hady/rosbuild_ws/package_dir/lsd_slam/lsd_slam_core/build/CMakeFiles/CMakeTmp'
/usr/bin/make -f CMakeFiles/cmTryCompileExec1352904055.dir/build.make CMakeFiles/cmTryCompileExec1352904055.dir/build
make[2]: Entering directory `/home/hady/rosbuild_ws/package_dir/lsd_slam/lsd_slam_core/build/CMakeFiles/CMakeTmp'
/usr/bin/cmake -E cmake_progress_report /home/hady/rosbuild_ws/package_dir/lsd_slam/lsd_slam_core/build/CMakeFiles/CMakeTmp/CMakeFiles 1
Building C object CMakeFiles/cmTryCompileExec1352904055.dir/CheckFunctionExists.c.o
/usr/bin/cc   -DCHECK_FUNCTION_EXISTS=XOpenDisplay   -o CMakeFiles/cmTryCompileExec1352904055.dir/CheckFunctionExists.c.o   -c /usr/share/cmake-2.8/Modules/CheckFunctionExists.c
Linking C executable cmTryCompileExec1352904055
/usr/bin/cmake -E cmake_link_script CMakeFiles/cmTryCompileExec1352904055.dir/link.txt --verbose=1
/usr/bin/cc   -DCHECK_FUNCTION_EXISTS=XOpenDisplay    CMakeFiles/cmTryCompileExec1352904055.dir/CheckFunctionExists.c.o  -o cmTryCompileExec1352904055 -rdynamic -lX11 -lXext 
make[2]: Leaving directory `/home/hady/rosbuild_ws/package_dir/lsd_slam/lsd_slam_core/build/CMakeFiles/CMakeTmp'
make[1]: Leaving directory `/home/hady/rosbuild_ws/package_dir/lsd_slam/lsd_slam_core/build/CMakeFiles/CMakeTmp'


Determining if the function gethostbyname exists passed with the following output:
Change Dir: /home/hady/rosbuild_ws/package_dir/lsd_slam/lsd_slam_core/build/CMakeFiles/CMakeTmp

Run Build Command:/usr/bin/make "cmTryCompileExec3619953387/fast"
make[1]: Entering directory `/home/hady/rosbuild_ws/package_dir/lsd_slam/lsd_slam_core/build/CMakeFiles/CMakeTmp'
/usr/bin/make -f CMakeFiles/cmTryCompileExec3619953387.dir/build.make CMakeFiles/cmTryCompileExec3619953387.dir/build
make[2]: Entering directory `/home/hady/rosbuild_ws/package_dir/lsd_slam/lsd_slam_core/build/CMakeFiles/CMakeTmp'
/usr/bin/cmake -E cmake_progress_report /home/hady/rosbuild_ws/package_dir/lsd_slam/lsd_slam_core/build/CMakeFiles/CMakeTmp/CMakeFiles 1
Building C object CMakeFiles/cmTryCompileExec3619953387.dir/CheckFunctionExists.c.o
/usr/bin/cc   -DCHECK_FUNCTION_EXISTS=gethostbyname   -o CMakeFiles/cmTryCompileExec3619953387.dir/CheckFunctionExists.c.o   -c /usr/share/cmake-2.8/Modules/CheckFunctionExists.c
Linking C executable cmTryCompileExec3619953387
/usr/bin/cmake -E cmake_link_script CMakeFiles/cmTryCompileExec3619953387.dir/link.txt --verbose=1
/usr/bin/cc   -DCHECK_FUNCTION_EXISTS=gethostbyname    CMakeFiles/cmTryCompileExec3619953387.dir/CheckFunctionExists.c.o  -o cmTryCompileExec3619953387 -rdynamic 
make[2]: Leaving directory `/home/hady/rosbuild_ws/package_dir/lsd_slam/lsd_slam_core/build/CMakeFiles/CMakeTmp'
make[1]: Leaving directory `/home/hady/rosbuild_ws/package_dir/lsd_slam/lsd_slam_core/build/CMakeFiles/CMakeTmp'


Determining if the function connect exists passed with the following output:
Change Dir: /home/hady/rosbuild_ws/package_dir/lsd_slam/lsd_slam_core/build/CMakeFiles/CMakeTmp

Run Build Command:/usr/bin/make "cmTryCompileExec2272867937/fast"
make[1]: Entering directory `/home/hady/rosbuild_ws/package_dir/lsd_slam/lsd_slam_core/build/CMakeFiles/CMakeTmp'
/usr/bin/make -f CMakeFiles/cmTryCompileExec2272867937.dir/build.make CMakeFiles/cmTryCompileExec2272867937.dir/build
make[2]: Entering directory `/home/hady/rosbuild_ws/package_dir/lsd_slam/lsd_slam_core/build/CMakeFiles/CMakeTmp'
/usr/bin/cmake -E cmake_progress_report /home/hady/rosbuild_ws/package_dir/lsd_slam/lsd_slam_core/build/CMakeFiles/CMakeTmp/CMakeFiles 1
Building C object CMakeFiles/cmTryCompileExec2272867937.dir/CheckFunctionExists.c.o
/usr/bin/cc   -DCHECK_FUNCTION_EXISTS=connect   -o CMakeFiles/cmTryCompileExec2272867937.dir/CheckFunctionExists.c.o   -c /usr/share/cmake-2.8/Modules/CheckFunctionExists.c
Linking C executable cmTryCompileExec2272867937
/usr/bin/cmake -E cmake_link_script CMakeFiles/cmTryCompileExec2272867937.dir/link.txt --verbose=1
/usr/bin/cc   -DCHECK_FUNCTION_EXISTS=connect    CMakeFiles/cmTryCompileExec2272867937.dir/CheckFunctionExists.c.o  -o cmTryCompileExec2272867937 -rdynamic 
make[2]: Leaving directory `/home/hady/rosbuild_ws/package_dir/lsd_slam/lsd_slam_core/build/CMakeFiles/CMakeTmp'
make[1]: Leaving directory `/home/hady/rosbuild_ws/package_dir/lsd_slam/lsd_slam_core/build/CMakeFiles/CMakeTmp'


Determining if the function remove exists passed with the following output:
Change Dir: /home/hady/rosbuild_ws/package_dir/lsd_slam/lsd_slam_core/build/CMakeFiles/CMakeTmp

Run Build Command:/usr/bin/make "cmTryCompileExec4254928450/fast"
make[1]: Entering directory `/home/hady/rosbuild_ws/package_dir/lsd_slam/lsd_slam_core/build/CMakeFiles/CMakeTmp'
/usr/bin/make -f CMakeFiles/cmTryCompileExec4254928450.dir/build.make CMakeFiles/cmTryCompileExec4254928450.dir/build
make[2]: Entering directory `/home/hady/rosbuild_ws/package_dir/lsd_slam/lsd_slam_core/build/CMakeFiles/CMakeTmp'
/usr/bin/cmake -E cmake_progress_report /home/hady/rosbuild_ws/package_dir/lsd_slam/lsd_slam_core/build/CMakeFiles/CMakeTmp/CMakeFiles 1
Building C object CMakeFiles/cmTryCompileExec4254928450.dir/CheckFunctionExists.c.o
/usr/bin/cc   -DCHECK_FUNCTION_EXISTS=remove   -o CMakeFiles/cmTryCompileExec4254928450.dir/CheckFunctionExists.c.o   -c /usr/share/cmake-2.8/Modules/CheckFunctionExists.c
Linking C executable cmTryCompileExec4254928450
/usr/bin/cmake -E cmake_link_script CMakeFiles/cmTryCompileExec4254928450.dir/link.txt --verbose=1
/usr/bin/cc   -DCHECK_FUNCTION_EXISTS=remove    CMakeFiles/cmTryCompileExec4254928450.dir/CheckFunctionExists.c.o  -o cmTryCompileExec4254928450 -rdynamic 
make[2]: Leaving directory `/home/hady/rosbuild_ws/package_dir/lsd_slam/lsd_slam_core/build/CMakeFiles/CMakeTmp'
make[1]: Leaving directory `/home/hady/rosbuild_ws/package_dir/lsd_slam/lsd_slam_core/build/CMakeFiles/CMakeTmp'


Determining if the function shmat exists passed with the following output:
Change Dir: /home/hady/rosbuild_ws/package_dir/lsd_slam/lsd_slam_core/build/CMakeFiles/CMakeTmp

Run Build Command:/usr/bin/make "cmTryCompileExec874837353/fast"
make[1]: Entering directory `/home/hady/rosbuild_ws/package_dir/lsd_slam/lsd_slam_core/build/CMakeFiles/CMakeTmp'
/usr/bin/make -f CMakeFiles/cmTryCompileExec874837353.dir/build.make CMakeFiles/cmTryCompileExec874837353.dir/build
make[2]: Entering directory `/home/hady/rosbuild_ws/package_dir/lsd_slam/lsd_slam_core/build/CMakeFiles/CMakeTmp'
/usr/bin/cmake -E cmake_progress_report /home/hady/rosbuild_ws/package_dir/lsd_slam/lsd_slam_core/build/CMakeFiles/CMakeTmp/CMakeFiles 1
Building C object CMakeFiles/cmTryCompileExec874837353.dir/CheckFunctionExists.c.o
/usr/bin/cc   -DCHECK_FUNCTION_EXISTS=shmat   -o CMakeFiles/cmTryCompileExec874837353.dir/CheckFunctionExists.c.o   -c /usr/share/cmake-2.8/Modules/CheckFunctionExists.c
Linking C executable cmTryCompileExec874837353
/usr/bin/cmake -E cmake_link_script CMakeFiles/cmTryCompileExec874837353.dir/link.txt --verbose=1
/usr/bin/cc   -DCHECK_FUNCTION_EXISTS=shmat    CMakeFiles/cmTryCompileExec874837353.dir/CheckFunctionExists.c.o  -o cmTryCompileExec874837353 -rdynamic 
make[2]: Leaving directory `/home/hady/rosbuild_ws/package_dir/lsd_slam/lsd_slam_core/build/CMakeFiles/CMakeTmp'
make[1]: Leaving directory `/home/hady/rosbuild_ws/package_dir/lsd_slam/lsd_slam_core/build/CMakeFiles/CMakeTmp'


Determining if the function IceConnectionNumber exists in the ICE passed with the following output:
Change Dir: /home/hady/rosbuild_ws/package_dir/lsd_slam/lsd_slam_core/build/CMakeFiles/CMakeTmp

Run Build Command:/usr/bin/make "cmTryCompileExec1100548991/fast"
make[1]: Entering directory `/home/hady/rosbuild_ws/package_dir/lsd_slam/lsd_slam_core/build/CMakeFiles/CMakeTmp'
/usr/bin/make -f CMakeFiles/cmTryCompileExec1100548991.dir/build.make CMakeFiles/cmTryCompileExec1100548991.dir/build
make[2]: Entering directory `/home/hady/rosbuild_ws/package_dir/lsd_slam/lsd_slam_core/build/CMakeFiles/CMakeTmp'
/usr/bin/cmake -E cmake_progress_report /home/hady/rosbuild_ws/package_dir/lsd_slam/lsd_slam_core/build/CMakeFiles/CMakeTmp/CMakeFiles 1
Building C object CMakeFiles/cmTryCompileExec1100548991.dir/CheckFunctionExists.c.o
/usr/bin/cc   -DCHECK_FUNCTION_EXISTS=IceConnectionNumber   -o CMakeFiles/cmTryCompileExec1100548991.dir/CheckFunctionExists.c.o   -c /usr/share/cmake-2.8/Modules/CheckFunctionExists.c
Linking C executable cmTryCompileExec1100548991
/usr/bin/cmake -E cmake_link_script CMakeFiles/cmTryCompileExec1100548991.dir/link.txt --verbose=1
/usr/bin/cc   -DCHECK_FUNCTION_EXISTS=IceConnectionNumber    CMakeFiles/cmTryCompileExec1100548991.dir/CheckFunctionExists.c.o  -o cmTryCompileExec1100548991 -rdynamic -lICE 
make[2]: Leaving directory `/home/hady/rosbuild_ws/package_dir/lsd_slam/lsd_slam_core/build/CMakeFiles/CMakeTmp'
make[1]: Leaving directory `/home/hady/rosbuild_ws/package_dir/lsd_slam/lsd_slam_core/build/CMakeFiles/CMakeTmp'


Performing C++ SOURCE FILE Test HAS_SSE3_EXTENSIONS succeded with the following output:
Change Dir: /home/hady/rosbuild_ws/package_dir/lsd_slam/lsd_slam_core/build/CMakeFiles/CMakeTmp

Run Build Command:/usr/bin/make "cmTryCompileExec3621333138/fast"
make[1]: Entering directory `/home/hady/rosbuild_ws/package_dir/lsd_slam/lsd_slam_core/build/CMakeFiles/CMakeTmp'
/usr/bin/make -f CMakeFiles/cmTryCompileExec3621333138.dir/build.make CMakeFiles/cmTryCompileExec3621333138.dir/build
make[2]: Entering directory `/home/hady/rosbuild_ws/package_dir/lsd_slam/lsd_slam_core/build/CMakeFiles/CMakeTmp'
/usr/bin/cmake -E cmake_progress_report /home/hady/rosbuild_ws/package_dir/lsd_slam/lsd_slam_core/build/CMakeFiles/CMakeTmp/CMakeFiles 1
Building CXX object CMakeFiles/cmTryCompileExec3621333138.dir/src.cxx.o
/usr/bin/c++    -DHAS_SSE3_EXTENSIONS -msse3   -o CMakeFiles/cmTryCompileExec3621333138.dir/src.cxx.o -c /home/hady/rosbuild_ws/package_dir/lsd_slam/lsd_slam_core/build/CMakeFiles/CMakeTmp/src.cxx
Linking CXX executable cmTryCompileExec3621333138
/usr/bin/cmake -E cmake_link_script CMakeFiles/cmTryCompileExec3621333138.dir/link.txt --verbose=1
/usr/bin/c++    -DHAS_SSE3_EXTENSIONS -msse3    CMakeFiles/cmTryCompileExec3621333138.dir/src.cxx.o  -o cmTryCompileExec3621333138 -rdynamic 
make[2]: Leaving directory `/home/hady/rosbuild_ws/package_dir/lsd_slam/lsd_slam_core/build/CMakeFiles/CMakeTmp'
make[1]: Leaving directory `/home/hady/rosbuild_ws/package_dir/lsd_slam/lsd_slam_core/build/CMakeFiles/CMakeTmp'

Return value: 1
Source file was:

    #include <pmmintrin.h>

    int main()
    {
       __m128d a, b;
       double vals[2] = {0};
       a = _mm_loadu_pd(vals);
       b = _mm_hadd_pd(a,a);
       _mm_storeu_pd(vals, b);
       return 0;
    }
Performing C++ SOURCE FILE Test HAS_SSE2_EXTENSIONS succeded with the following output:
Change Dir: /home/hady/rosbuild_ws/package_dir/lsd_slam/lsd_slam_core/build/CMakeFiles/CMakeTmp

Run Build Command:/usr/bin/make "cmTryCompileExec2976806932/fast"
make[1]: Entering directory `/home/hady/rosbuild_ws/package_dir/lsd_slam/lsd_slam_core/build/CMakeFiles/CMakeTmp'
/usr/bin/make -f CMakeFiles/cmTryCompileExec2976806932.dir/build.make CMakeFiles/cmTryCompileExec2976806932.dir/build
make[2]: Entering directory `/home/hady/rosbuild_ws/package_dir/lsd_slam/lsd_slam_core/build/CMakeFiles/CMakeTmp'
/usr/bin/cmake -E cmake_progress_report /home/hady/rosbuild_ws/package_dir/lsd_slam/lsd_slam_core/build/CMakeFiles/CMakeTmp/CMakeFiles 1
Building CXX object CMakeFiles/cmTryCompileExec2976806932.dir/src.cxx.o
/usr/bin/c++    -DHAS_SSE2_EXTENSIONS -msse2   -o CMakeFiles/cmTryCompileExec2976806932.dir/src.cxx.o -c /home/hady/rosbuild_ws/package_dir/lsd_slam/lsd_slam_core/build/CMakeFiles/CMakeTmp/src.cxx
Linking CXX executable cmTryCompileExec2976806932
/usr/bin/cmake -E cmake_link_script CMakeFiles/cmTryCompileExec2976806932.dir/link.txt --verbose=1
/usr/bin/c++    -DHAS_SSE2_EXTENSIONS -msse2    CMakeFiles/cmTryCompileExec2976806932.dir/src.cxx.o  -o cmTryCompileExec2976806932 -rdynamic 
make[2]: Leaving directory `/home/hady/rosbuild_ws/package_dir/lsd_slam/lsd_slam_core/build/CMakeFiles/CMakeTmp'
make[1]: Leaving directory `/home/hady/rosbuild_ws/package_dir/lsd_slam/lsd_slam_core/build/CMakeFiles/CMakeTmp'

Return value: 1
Source file was:

    #include <emmintrin.h>

    int main()
    {
        __m128d a, b;
        double vals[2] = {0};
        a = _mm_loadu_pd(vals);
        b = _mm_add_pd(a,a);
        _mm_storeu_pd(vals,b);
        return 0;
     }
Performing C++ SOURCE FILE Test HAS_SSE_EXTENSIONS succeded with the following output:
Change Dir: /home/hady/rosbuild_ws/package_dir/lsd_slam/lsd_slam_core/build/CMakeFiles/CMakeTmp

Run Build Command:/usr/bin/make "cmTryCompileExec3121403558/fast"
make[1]: Entering directory `/home/hady/rosbuild_ws/package_dir/lsd_slam/lsd_slam_core/build/CMakeFiles/CMakeTmp'
/usr/bin/make -f CMakeFiles/cmTryCompileExec3121403558.dir/build.make CMakeFiles/cmTryCompileExec3121403558.dir/build
make[2]: Entering directory `/home/hady/rosbuild_ws/package_dir/lsd_slam/lsd_slam_core/build/CMakeFiles/CMakeTmp'
/usr/bin/cmake -E cmake_progress_report /home/hady/rosbuild_ws/package_dir/lsd_slam/lsd_slam_core/build/CMakeFiles/CMakeTmp/CMakeFiles 1
Building CXX object CMakeFiles/cmTryCompileExec3121403558.dir/src.cxx.o
/usr/bin/c++    -DHAS_SSE_EXTENSIONS -msse   -o CMakeFiles/cmTryCompileExec3121403558.dir/src.cxx.o -c /home/hady/rosbuild_ws/package_dir/lsd_slam/lsd_slam_core/build/CMakeFiles/CMakeTmp/src.cxx
Linking CXX executable cmTryCompileExec3121403558
/usr/bin/cmake -E cmake_link_script CMakeFiles/cmTryCompileExec3121403558.dir/link.txt --verbose=1
/usr/bin/c++    -DHAS_SSE_EXTENSIONS -msse    CMakeFiles/cmTryCompileExec3121403558.dir/src.cxx.o  -o cmTryCompileExec3121403558 -rdynamic 
make[2]: Leaving directory `/home/hady/rosbuild_ws/package_dir/lsd_slam/lsd_slam_core/build/CMakeFiles/CMakeTmp'
make[1]: Leaving directory `/home/hady/rosbuild_ws/package_dir/lsd_slam/lsd_slam_core/build/CMakeFiles/CMakeTmp'

Return value: 1
Source file was:

    #include <xmmintrin.h>
    int main()
    {
        __m128 a, b;
        float vals[4] = {0};
        a = _mm_loadu_ps(vals);
        b = a;
        b = _mm_add_ps(a,b);
        _mm_storeu_ps(vals,b);
        return 0;
    }
